   1              		.syntax unified
   2              		.cpu cortex-m3
   3              		.fpu softvfp
   4              		.eabi_attribute 20, 1
   5              		.eabi_attribute 21, 1
   6              		.eabi_attribute 23, 3
   7              		.eabi_attribute 24, 1
   8              		.eabi_attribute 25, 1
   9              		.eabi_attribute 26, 1
  10              		.eabi_attribute 30, 6
  11              		.eabi_attribute 18, 4
  12              		.thumb
  13              		.file	"fontlookup.cpp"
  23              	.Ltext0:
  24              		.file 1 "../utils/fontlookup.cpp"
 3139              		.align	2
 3140              		.thumb
 3141              		.thumb_func
 3143              	_ZL20__gthread_key_deletei:
 3144              	.LFB328:
   1:/opt/toolchains/arm-none-eabi/bin/../lib/gcc/arm-none-eabi/4.5.2/../../../../arm-none-eabi/include/c++/4.5.2/arm-none-eabi/thumb/bits/gthr-single.h **** /* Threads compatibility routines for libgcc2 and libobjc.  */
   2:/opt/toolchains/arm-none-eabi/bin/../lib/gcc/arm-none-eabi/4.5.2/../../../../arm-none-eabi/include/c++/4.5.2/arm-none-eabi/thumb/bits/gthr-single.h **** /* Compile this one with gcc.  */
   3:/opt/toolchains/arm-none-eabi/bin/../lib/gcc/arm-none-eabi/4.5.2/../../../../arm-none-eabi/include/c++/4.5.2/arm-none-eabi/thumb/bits/gthr-single.h **** /* Copyright (C) 1997, 1999, 2000, 2004, 2008, 2009
   4:/opt/toolchains/arm-none-eabi/bin/../lib/gcc/arm-none-eabi/4.5.2/../../../../arm-none-eabi/include/c++/4.5.2/arm-none-eabi/thumb/bits/gthr-single.h ****    Free Software Foundation, Inc.
   5:/opt/toolchains/arm-none-eabi/bin/../lib/gcc/arm-none-eabi/4.5.2/../../../../arm-none-eabi/include/c++/4.5.2/arm-none-eabi/thumb/bits/gthr-single.h **** 
   6:/opt/toolchains/arm-none-eabi/bin/../lib/gcc/arm-none-eabi/4.5.2/../../../../arm-none-eabi/include/c++/4.5.2/arm-none-eabi/thumb/bits/gthr-single.h **** This file is part of GCC.
   7:/opt/toolchains/arm-none-eabi/bin/../lib/gcc/arm-none-eabi/4.5.2/../../../../arm-none-eabi/include/c++/4.5.2/arm-none-eabi/thumb/bits/gthr-single.h **** 
   8:/opt/toolchains/arm-none-eabi/bin/../lib/gcc/arm-none-eabi/4.5.2/../../../../arm-none-eabi/include/c++/4.5.2/arm-none-eabi/thumb/bits/gthr-single.h **** GCC is free software; you can redistribute it and/or modify it under
   9:/opt/toolchains/arm-none-eabi/bin/../lib/gcc/arm-none-eabi/4.5.2/../../../../arm-none-eabi/include/c++/4.5.2/arm-none-eabi/thumb/bits/gthr-single.h **** the terms of the GNU General Public License as published by the Free
  10:/opt/toolchains/arm-none-eabi/bin/../lib/gcc/arm-none-eabi/4.5.2/../../../../arm-none-eabi/include/c++/4.5.2/arm-none-eabi/thumb/bits/gthr-single.h **** Software Foundation; either version 3, or (at your option) any later
  11:/opt/toolchains/arm-none-eabi/bin/../lib/gcc/arm-none-eabi/4.5.2/../../../../arm-none-eabi/include/c++/4.5.2/arm-none-eabi/thumb/bits/gthr-single.h **** version.
  12:/opt/toolchains/arm-none-eabi/bin/../lib/gcc/arm-none-eabi/4.5.2/../../../../arm-none-eabi/include/c++/4.5.2/arm-none-eabi/thumb/bits/gthr-single.h **** 
  13:/opt/toolchains/arm-none-eabi/bin/../lib/gcc/arm-none-eabi/4.5.2/../../../../arm-none-eabi/include/c++/4.5.2/arm-none-eabi/thumb/bits/gthr-single.h **** GCC is distributed in the hope that it will be useful, but WITHOUT ANY
  14:/opt/toolchains/arm-none-eabi/bin/../lib/gcc/arm-none-eabi/4.5.2/../../../../arm-none-eabi/include/c++/4.5.2/arm-none-eabi/thumb/bits/gthr-single.h **** WARRANTY; without even the implied warranty of MERCHANTABILITY or
  15:/opt/toolchains/arm-none-eabi/bin/../lib/gcc/arm-none-eabi/4.5.2/../../../../arm-none-eabi/include/c++/4.5.2/arm-none-eabi/thumb/bits/gthr-single.h **** FITNESS FOR A PARTICULAR PURPOSE.  See the GNU General Public License
  16:/opt/toolchains/arm-none-eabi/bin/../lib/gcc/arm-none-eabi/4.5.2/../../../../arm-none-eabi/include/c++/4.5.2/arm-none-eabi/thumb/bits/gthr-single.h **** for more details.
  17:/opt/toolchains/arm-none-eabi/bin/../lib/gcc/arm-none-eabi/4.5.2/../../../../arm-none-eabi/include/c++/4.5.2/arm-none-eabi/thumb/bits/gthr-single.h **** 
  18:/opt/toolchains/arm-none-eabi/bin/../lib/gcc/arm-none-eabi/4.5.2/../../../../arm-none-eabi/include/c++/4.5.2/arm-none-eabi/thumb/bits/gthr-single.h **** Under Section 7 of GPL version 3, you are granted additional
  19:/opt/toolchains/arm-none-eabi/bin/../lib/gcc/arm-none-eabi/4.5.2/../../../../arm-none-eabi/include/c++/4.5.2/arm-none-eabi/thumb/bits/gthr-single.h **** permissions described in the GCC Runtime Library Exception, version
  20:/opt/toolchains/arm-none-eabi/bin/../lib/gcc/arm-none-eabi/4.5.2/../../../../arm-none-eabi/include/c++/4.5.2/arm-none-eabi/thumb/bits/gthr-single.h **** 3.1, as published by the Free Software Foundation.
  21:/opt/toolchains/arm-none-eabi/bin/../lib/gcc/arm-none-eabi/4.5.2/../../../../arm-none-eabi/include/c++/4.5.2/arm-none-eabi/thumb/bits/gthr-single.h **** 
  22:/opt/toolchains/arm-none-eabi/bin/../lib/gcc/arm-none-eabi/4.5.2/../../../../arm-none-eabi/include/c++/4.5.2/arm-none-eabi/thumb/bits/gthr-single.h **** You should have received a copy of the GNU General Public License and
  23:/opt/toolchains/arm-none-eabi/bin/../lib/gcc/arm-none-eabi/4.5.2/../../../../arm-none-eabi/include/c++/4.5.2/arm-none-eabi/thumb/bits/gthr-single.h **** a copy of the GCC Runtime Library Exception along with this program;
  24:/opt/toolchains/arm-none-eabi/bin/../lib/gcc/arm-none-eabi/4.5.2/../../../../arm-none-eabi/include/c++/4.5.2/arm-none-eabi/thumb/bits/gthr-single.h **** see the files COPYING3 and COPYING.RUNTIME respectively.  If not, see
  25:/opt/toolchains/arm-none-eabi/bin/../lib/gcc/arm-none-eabi/4.5.2/../../../../arm-none-eabi/include/c++/4.5.2/arm-none-eabi/thumb/bits/gthr-single.h **** <http://www.gnu.org/licenses/>.  */
  26:/opt/toolchains/arm-none-eabi/bin/../lib/gcc/arm-none-eabi/4.5.2/../../../../arm-none-eabi/include/c++/4.5.2/arm-none-eabi/thumb/bits/gthr-single.h **** 
  27:/opt/toolchains/arm-none-eabi/bin/../lib/gcc/arm-none-eabi/4.5.2/../../../../arm-none-eabi/include/c++/4.5.2/arm-none-eabi/thumb/bits/gthr-single.h **** #ifndef _GLIBCXX_GCC_GTHR_SINGLE_H
  28:/opt/toolchains/arm-none-eabi/bin/../lib/gcc/arm-none-eabi/4.5.2/../../../../arm-none-eabi/include/c++/4.5.2/arm-none-eabi/thumb/bits/gthr-single.h **** #define _GLIBCXX_GCC_GTHR_SINGLE_H
  29:/opt/toolchains/arm-none-eabi/bin/../lib/gcc/arm-none-eabi/4.5.2/../../../../arm-none-eabi/include/c++/4.5.2/arm-none-eabi/thumb/bits/gthr-single.h **** 
  30:/opt/toolchains/arm-none-eabi/bin/../lib/gcc/arm-none-eabi/4.5.2/../../../../arm-none-eabi/include/c++/4.5.2/arm-none-eabi/thumb/bits/gthr-single.h **** /* Just provide compatibility for mutex handling.  */
  31:/opt/toolchains/arm-none-eabi/bin/../lib/gcc/arm-none-eabi/4.5.2/../../../../arm-none-eabi/include/c++/4.5.2/arm-none-eabi/thumb/bits/gthr-single.h **** 
  32:/opt/toolchains/arm-none-eabi/bin/../lib/gcc/arm-none-eabi/4.5.2/../../../../arm-none-eabi/include/c++/4.5.2/arm-none-eabi/thumb/bits/gthr-single.h **** typedef int __gthread_key_t;
  33:/opt/toolchains/arm-none-eabi/bin/../lib/gcc/arm-none-eabi/4.5.2/../../../../arm-none-eabi/include/c++/4.5.2/arm-none-eabi/thumb/bits/gthr-single.h **** typedef int __gthread_once_t;
  34:/opt/toolchains/arm-none-eabi/bin/../lib/gcc/arm-none-eabi/4.5.2/../../../../arm-none-eabi/include/c++/4.5.2/arm-none-eabi/thumb/bits/gthr-single.h **** typedef int __gthread_mutex_t;
  35:/opt/toolchains/arm-none-eabi/bin/../lib/gcc/arm-none-eabi/4.5.2/../../../../arm-none-eabi/include/c++/4.5.2/arm-none-eabi/thumb/bits/gthr-single.h **** typedef int __gthread_recursive_mutex_t;
  36:/opt/toolchains/arm-none-eabi/bin/../lib/gcc/arm-none-eabi/4.5.2/../../../../arm-none-eabi/include/c++/4.5.2/arm-none-eabi/thumb/bits/gthr-single.h **** 
  37:/opt/toolchains/arm-none-eabi/bin/../lib/gcc/arm-none-eabi/4.5.2/../../../../arm-none-eabi/include/c++/4.5.2/arm-none-eabi/thumb/bits/gthr-single.h **** #define __GTHREAD_ONCE_INIT 0
  38:/opt/toolchains/arm-none-eabi/bin/../lib/gcc/arm-none-eabi/4.5.2/../../../../arm-none-eabi/include/c++/4.5.2/arm-none-eabi/thumb/bits/gthr-single.h **** #define __GTHREAD_MUTEX_INIT 0
  39:/opt/toolchains/arm-none-eabi/bin/../lib/gcc/arm-none-eabi/4.5.2/../../../../arm-none-eabi/include/c++/4.5.2/arm-none-eabi/thumb/bits/gthr-single.h **** #define __GTHREAD_RECURSIVE_MUTEX_INIT 0
  40:/opt/toolchains/arm-none-eabi/bin/../lib/gcc/arm-none-eabi/4.5.2/../../../../arm-none-eabi/include/c++/4.5.2/arm-none-eabi/thumb/bits/gthr-single.h **** 
  41:/opt/toolchains/arm-none-eabi/bin/../lib/gcc/arm-none-eabi/4.5.2/../../../../arm-none-eabi/include/c++/4.5.2/arm-none-eabi/thumb/bits/gthr-single.h **** #define _GLIBCXX_UNUSED __attribute__((unused))
  42:/opt/toolchains/arm-none-eabi/bin/../lib/gcc/arm-none-eabi/4.5.2/../../../../arm-none-eabi/include/c++/4.5.2/arm-none-eabi/thumb/bits/gthr-single.h **** 
  43:/opt/toolchains/arm-none-eabi/bin/../lib/gcc/arm-none-eabi/4.5.2/../../../../arm-none-eabi/include/c++/4.5.2/arm-none-eabi/thumb/bits/gthr-single.h **** #ifdef _LIBOBJC
  44:/opt/toolchains/arm-none-eabi/bin/../lib/gcc/arm-none-eabi/4.5.2/../../../../arm-none-eabi/include/c++/4.5.2/arm-none-eabi/thumb/bits/gthr-single.h **** 
  45:/opt/toolchains/arm-none-eabi/bin/../lib/gcc/arm-none-eabi/4.5.2/../../../../arm-none-eabi/include/c++/4.5.2/arm-none-eabi/thumb/bits/gthr-single.h **** /* Thread local storage for a single thread */
  46:/opt/toolchains/arm-none-eabi/bin/../lib/gcc/arm-none-eabi/4.5.2/../../../../arm-none-eabi/include/c++/4.5.2/arm-none-eabi/thumb/bits/gthr-single.h **** static void *thread_local_storage = NULL;
  47:/opt/toolchains/arm-none-eabi/bin/../lib/gcc/arm-none-eabi/4.5.2/../../../../arm-none-eabi/include/c++/4.5.2/arm-none-eabi/thumb/bits/gthr-single.h **** 
  48:/opt/toolchains/arm-none-eabi/bin/../lib/gcc/arm-none-eabi/4.5.2/../../../../arm-none-eabi/include/c++/4.5.2/arm-none-eabi/thumb/bits/gthr-single.h **** /* Backend initialization functions */
  49:/opt/toolchains/arm-none-eabi/bin/../lib/gcc/arm-none-eabi/4.5.2/../../../../arm-none-eabi/include/c++/4.5.2/arm-none-eabi/thumb/bits/gthr-single.h **** 
  50:/opt/toolchains/arm-none-eabi/bin/../lib/gcc/arm-none-eabi/4.5.2/../../../../arm-none-eabi/include/c++/4.5.2/arm-none-eabi/thumb/bits/gthr-single.h **** /* Initialize the threads subsystem.  */
  51:/opt/toolchains/arm-none-eabi/bin/../lib/gcc/arm-none-eabi/4.5.2/../../../../arm-none-eabi/include/c++/4.5.2/arm-none-eabi/thumb/bits/gthr-single.h **** static inline int
  52:/opt/toolchains/arm-none-eabi/bin/../lib/gcc/arm-none-eabi/4.5.2/../../../../arm-none-eabi/include/c++/4.5.2/arm-none-eabi/thumb/bits/gthr-single.h **** __gthread_objc_init_thread_system (void)
  53:/opt/toolchains/arm-none-eabi/bin/../lib/gcc/arm-none-eabi/4.5.2/../../../../arm-none-eabi/include/c++/4.5.2/arm-none-eabi/thumb/bits/gthr-single.h **** {
  54:/opt/toolchains/arm-none-eabi/bin/../lib/gcc/arm-none-eabi/4.5.2/../../../../arm-none-eabi/include/c++/4.5.2/arm-none-eabi/thumb/bits/gthr-single.h ****   /* No thread support available */
  55:/opt/toolchains/arm-none-eabi/bin/../lib/gcc/arm-none-eabi/4.5.2/../../../../arm-none-eabi/include/c++/4.5.2/arm-none-eabi/thumb/bits/gthr-single.h ****   return -1;
  56:/opt/toolchains/arm-none-eabi/bin/../lib/gcc/arm-none-eabi/4.5.2/../../../../arm-none-eabi/include/c++/4.5.2/arm-none-eabi/thumb/bits/gthr-single.h **** }
  57:/opt/toolchains/arm-none-eabi/bin/../lib/gcc/arm-none-eabi/4.5.2/../../../../arm-none-eabi/include/c++/4.5.2/arm-none-eabi/thumb/bits/gthr-single.h **** 
  58:/opt/toolchains/arm-none-eabi/bin/../lib/gcc/arm-none-eabi/4.5.2/../../../../arm-none-eabi/include/c++/4.5.2/arm-none-eabi/thumb/bits/gthr-single.h **** /* Close the threads subsystem.  */
  59:/opt/toolchains/arm-none-eabi/bin/../lib/gcc/arm-none-eabi/4.5.2/../../../../arm-none-eabi/include/c++/4.5.2/arm-none-eabi/thumb/bits/gthr-single.h **** static inline int
  60:/opt/toolchains/arm-none-eabi/bin/../lib/gcc/arm-none-eabi/4.5.2/../../../../arm-none-eabi/include/c++/4.5.2/arm-none-eabi/thumb/bits/gthr-single.h **** __gthread_objc_close_thread_system (void)
  61:/opt/toolchains/arm-none-eabi/bin/../lib/gcc/arm-none-eabi/4.5.2/../../../../arm-none-eabi/include/c++/4.5.2/arm-none-eabi/thumb/bits/gthr-single.h **** {
  62:/opt/toolchains/arm-none-eabi/bin/../lib/gcc/arm-none-eabi/4.5.2/../../../../arm-none-eabi/include/c++/4.5.2/arm-none-eabi/thumb/bits/gthr-single.h ****   /* No thread support available */
  63:/opt/toolchains/arm-none-eabi/bin/../lib/gcc/arm-none-eabi/4.5.2/../../../../arm-none-eabi/include/c++/4.5.2/arm-none-eabi/thumb/bits/gthr-single.h ****   return -1;
  64:/opt/toolchains/arm-none-eabi/bin/../lib/gcc/arm-none-eabi/4.5.2/../../../../arm-none-eabi/include/c++/4.5.2/arm-none-eabi/thumb/bits/gthr-single.h **** }
  65:/opt/toolchains/arm-none-eabi/bin/../lib/gcc/arm-none-eabi/4.5.2/../../../../arm-none-eabi/include/c++/4.5.2/arm-none-eabi/thumb/bits/gthr-single.h **** 
  66:/opt/toolchains/arm-none-eabi/bin/../lib/gcc/arm-none-eabi/4.5.2/../../../../arm-none-eabi/include/c++/4.5.2/arm-none-eabi/thumb/bits/gthr-single.h **** /* Backend thread functions */
  67:/opt/toolchains/arm-none-eabi/bin/../lib/gcc/arm-none-eabi/4.5.2/../../../../arm-none-eabi/include/c++/4.5.2/arm-none-eabi/thumb/bits/gthr-single.h **** 
  68:/opt/toolchains/arm-none-eabi/bin/../lib/gcc/arm-none-eabi/4.5.2/../../../../arm-none-eabi/include/c++/4.5.2/arm-none-eabi/thumb/bits/gthr-single.h **** /* Create a new thread of execution.  */
  69:/opt/toolchains/arm-none-eabi/bin/../lib/gcc/arm-none-eabi/4.5.2/../../../../arm-none-eabi/include/c++/4.5.2/arm-none-eabi/thumb/bits/gthr-single.h **** static inline objc_thread_t
  70:/opt/toolchains/arm-none-eabi/bin/../lib/gcc/arm-none-eabi/4.5.2/../../../../arm-none-eabi/include/c++/4.5.2/arm-none-eabi/thumb/bits/gthr-single.h **** __gthread_objc_thread_detach (void (* func)(void *), void * arg _GLIBCXX_UNUSED)
  71:/opt/toolchains/arm-none-eabi/bin/../lib/gcc/arm-none-eabi/4.5.2/../../../../arm-none-eabi/include/c++/4.5.2/arm-none-eabi/thumb/bits/gthr-single.h **** {
  72:/opt/toolchains/arm-none-eabi/bin/../lib/gcc/arm-none-eabi/4.5.2/../../../../arm-none-eabi/include/c++/4.5.2/arm-none-eabi/thumb/bits/gthr-single.h ****   /* No thread support available */
  73:/opt/toolchains/arm-none-eabi/bin/../lib/gcc/arm-none-eabi/4.5.2/../../../../arm-none-eabi/include/c++/4.5.2/arm-none-eabi/thumb/bits/gthr-single.h ****   return NULL;
  74:/opt/toolchains/arm-none-eabi/bin/../lib/gcc/arm-none-eabi/4.5.2/../../../../arm-none-eabi/include/c++/4.5.2/arm-none-eabi/thumb/bits/gthr-single.h **** }
  75:/opt/toolchains/arm-none-eabi/bin/../lib/gcc/arm-none-eabi/4.5.2/../../../../arm-none-eabi/include/c++/4.5.2/arm-none-eabi/thumb/bits/gthr-single.h **** 
  76:/opt/toolchains/arm-none-eabi/bin/../lib/gcc/arm-none-eabi/4.5.2/../../../../arm-none-eabi/include/c++/4.5.2/arm-none-eabi/thumb/bits/gthr-single.h **** /* Set the current thread's priority.  */
  77:/opt/toolchains/arm-none-eabi/bin/../lib/gcc/arm-none-eabi/4.5.2/../../../../arm-none-eabi/include/c++/4.5.2/arm-none-eabi/thumb/bits/gthr-single.h **** static inline int
  78:/opt/toolchains/arm-none-eabi/bin/../lib/gcc/arm-none-eabi/4.5.2/../../../../arm-none-eabi/include/c++/4.5.2/arm-none-eabi/thumb/bits/gthr-single.h **** __gthread_objc_thread_set_priority (int priority _GLIBCXX_UNUSED)
  79:/opt/toolchains/arm-none-eabi/bin/../lib/gcc/arm-none-eabi/4.5.2/../../../../arm-none-eabi/include/c++/4.5.2/arm-none-eabi/thumb/bits/gthr-single.h **** {
  80:/opt/toolchains/arm-none-eabi/bin/../lib/gcc/arm-none-eabi/4.5.2/../../../../arm-none-eabi/include/c++/4.5.2/arm-none-eabi/thumb/bits/gthr-single.h ****   /* No thread support available */
  81:/opt/toolchains/arm-none-eabi/bin/../lib/gcc/arm-none-eabi/4.5.2/../../../../arm-none-eabi/include/c++/4.5.2/arm-none-eabi/thumb/bits/gthr-single.h ****   return -1;
  82:/opt/toolchains/arm-none-eabi/bin/../lib/gcc/arm-none-eabi/4.5.2/../../../../arm-none-eabi/include/c++/4.5.2/arm-none-eabi/thumb/bits/gthr-single.h **** }
  83:/opt/toolchains/arm-none-eabi/bin/../lib/gcc/arm-none-eabi/4.5.2/../../../../arm-none-eabi/include/c++/4.5.2/arm-none-eabi/thumb/bits/gthr-single.h **** 
  84:/opt/toolchains/arm-none-eabi/bin/../lib/gcc/arm-none-eabi/4.5.2/../../../../arm-none-eabi/include/c++/4.5.2/arm-none-eabi/thumb/bits/gthr-single.h **** /* Return the current thread's priority.  */
  85:/opt/toolchains/arm-none-eabi/bin/../lib/gcc/arm-none-eabi/4.5.2/../../../../arm-none-eabi/include/c++/4.5.2/arm-none-eabi/thumb/bits/gthr-single.h **** static inline int
  86:/opt/toolchains/arm-none-eabi/bin/../lib/gcc/arm-none-eabi/4.5.2/../../../../arm-none-eabi/include/c++/4.5.2/arm-none-eabi/thumb/bits/gthr-single.h **** __gthread_objc_thread_get_priority (void)
  87:/opt/toolchains/arm-none-eabi/bin/../lib/gcc/arm-none-eabi/4.5.2/../../../../arm-none-eabi/include/c++/4.5.2/arm-none-eabi/thumb/bits/gthr-single.h **** {
  88:/opt/toolchains/arm-none-eabi/bin/../lib/gcc/arm-none-eabi/4.5.2/../../../../arm-none-eabi/include/c++/4.5.2/arm-none-eabi/thumb/bits/gthr-single.h ****   return OBJC_THREAD_INTERACTIVE_PRIORITY;
  89:/opt/toolchains/arm-none-eabi/bin/../lib/gcc/arm-none-eabi/4.5.2/../../../../arm-none-eabi/include/c++/4.5.2/arm-none-eabi/thumb/bits/gthr-single.h **** }
  90:/opt/toolchains/arm-none-eabi/bin/../lib/gcc/arm-none-eabi/4.5.2/../../../../arm-none-eabi/include/c++/4.5.2/arm-none-eabi/thumb/bits/gthr-single.h **** 
  91:/opt/toolchains/arm-none-eabi/bin/../lib/gcc/arm-none-eabi/4.5.2/../../../../arm-none-eabi/include/c++/4.5.2/arm-none-eabi/thumb/bits/gthr-single.h **** /* Yield our process time to another thread.  */
  92:/opt/toolchains/arm-none-eabi/bin/../lib/gcc/arm-none-eabi/4.5.2/../../../../arm-none-eabi/include/c++/4.5.2/arm-none-eabi/thumb/bits/gthr-single.h **** static inline void
  93:/opt/toolchains/arm-none-eabi/bin/../lib/gcc/arm-none-eabi/4.5.2/../../../../arm-none-eabi/include/c++/4.5.2/arm-none-eabi/thumb/bits/gthr-single.h **** __gthread_objc_thread_yield (void)
  94:/opt/toolchains/arm-none-eabi/bin/../lib/gcc/arm-none-eabi/4.5.2/../../../../arm-none-eabi/include/c++/4.5.2/arm-none-eabi/thumb/bits/gthr-single.h **** {
  95:/opt/toolchains/arm-none-eabi/bin/../lib/gcc/arm-none-eabi/4.5.2/../../../../arm-none-eabi/include/c++/4.5.2/arm-none-eabi/thumb/bits/gthr-single.h ****   return;
  96:/opt/toolchains/arm-none-eabi/bin/../lib/gcc/arm-none-eabi/4.5.2/../../../../arm-none-eabi/include/c++/4.5.2/arm-none-eabi/thumb/bits/gthr-single.h **** }
  97:/opt/toolchains/arm-none-eabi/bin/../lib/gcc/arm-none-eabi/4.5.2/../../../../arm-none-eabi/include/c++/4.5.2/arm-none-eabi/thumb/bits/gthr-single.h **** 
  98:/opt/toolchains/arm-none-eabi/bin/../lib/gcc/arm-none-eabi/4.5.2/../../../../arm-none-eabi/include/c++/4.5.2/arm-none-eabi/thumb/bits/gthr-single.h **** /* Terminate the current thread.  */
  99:/opt/toolchains/arm-none-eabi/bin/../lib/gcc/arm-none-eabi/4.5.2/../../../../arm-none-eabi/include/c++/4.5.2/arm-none-eabi/thumb/bits/gthr-single.h **** static inline int
 100:/opt/toolchains/arm-none-eabi/bin/../lib/gcc/arm-none-eabi/4.5.2/../../../../arm-none-eabi/include/c++/4.5.2/arm-none-eabi/thumb/bits/gthr-single.h **** __gthread_objc_thread_exit (void)
 101:/opt/toolchains/arm-none-eabi/bin/../lib/gcc/arm-none-eabi/4.5.2/../../../../arm-none-eabi/include/c++/4.5.2/arm-none-eabi/thumb/bits/gthr-single.h **** {
 102:/opt/toolchains/arm-none-eabi/bin/../lib/gcc/arm-none-eabi/4.5.2/../../../../arm-none-eabi/include/c++/4.5.2/arm-none-eabi/thumb/bits/gthr-single.h ****   /* No thread support available */
 103:/opt/toolchains/arm-none-eabi/bin/../lib/gcc/arm-none-eabi/4.5.2/../../../../arm-none-eabi/include/c++/4.5.2/arm-none-eabi/thumb/bits/gthr-single.h ****   /* Should we really exit the program */
 104:/opt/toolchains/arm-none-eabi/bin/../lib/gcc/arm-none-eabi/4.5.2/../../../../arm-none-eabi/include/c++/4.5.2/arm-none-eabi/thumb/bits/gthr-single.h ****   /* exit (&__objc_thread_exit_status); */
 105:/opt/toolchains/arm-none-eabi/bin/../lib/gcc/arm-none-eabi/4.5.2/../../../../arm-none-eabi/include/c++/4.5.2/arm-none-eabi/thumb/bits/gthr-single.h ****   return -1;
 106:/opt/toolchains/arm-none-eabi/bin/../lib/gcc/arm-none-eabi/4.5.2/../../../../arm-none-eabi/include/c++/4.5.2/arm-none-eabi/thumb/bits/gthr-single.h **** }
 107:/opt/toolchains/arm-none-eabi/bin/../lib/gcc/arm-none-eabi/4.5.2/../../../../arm-none-eabi/include/c++/4.5.2/arm-none-eabi/thumb/bits/gthr-single.h **** 
 108:/opt/toolchains/arm-none-eabi/bin/../lib/gcc/arm-none-eabi/4.5.2/../../../../arm-none-eabi/include/c++/4.5.2/arm-none-eabi/thumb/bits/gthr-single.h **** /* Returns an integer value which uniquely describes a thread.  */
 109:/opt/toolchains/arm-none-eabi/bin/../lib/gcc/arm-none-eabi/4.5.2/../../../../arm-none-eabi/include/c++/4.5.2/arm-none-eabi/thumb/bits/gthr-single.h **** static inline objc_thread_t
 110:/opt/toolchains/arm-none-eabi/bin/../lib/gcc/arm-none-eabi/4.5.2/../../../../arm-none-eabi/include/c++/4.5.2/arm-none-eabi/thumb/bits/gthr-single.h **** __gthread_objc_thread_id (void)
 111:/opt/toolchains/arm-none-eabi/bin/../lib/gcc/arm-none-eabi/4.5.2/../../../../arm-none-eabi/include/c++/4.5.2/arm-none-eabi/thumb/bits/gthr-single.h **** {
 112:/opt/toolchains/arm-none-eabi/bin/../lib/gcc/arm-none-eabi/4.5.2/../../../../arm-none-eabi/include/c++/4.5.2/arm-none-eabi/thumb/bits/gthr-single.h ****   /* No thread support, use 1.  */
 113:/opt/toolchains/arm-none-eabi/bin/../lib/gcc/arm-none-eabi/4.5.2/../../../../arm-none-eabi/include/c++/4.5.2/arm-none-eabi/thumb/bits/gthr-single.h ****   return (objc_thread_t) 1;
 114:/opt/toolchains/arm-none-eabi/bin/../lib/gcc/arm-none-eabi/4.5.2/../../../../arm-none-eabi/include/c++/4.5.2/arm-none-eabi/thumb/bits/gthr-single.h **** }
 115:/opt/toolchains/arm-none-eabi/bin/../lib/gcc/arm-none-eabi/4.5.2/../../../../arm-none-eabi/include/c++/4.5.2/arm-none-eabi/thumb/bits/gthr-single.h **** 
 116:/opt/toolchains/arm-none-eabi/bin/../lib/gcc/arm-none-eabi/4.5.2/../../../../arm-none-eabi/include/c++/4.5.2/arm-none-eabi/thumb/bits/gthr-single.h **** /* Sets the thread's local storage pointer.  */
 117:/opt/toolchains/arm-none-eabi/bin/../lib/gcc/arm-none-eabi/4.5.2/../../../../arm-none-eabi/include/c++/4.5.2/arm-none-eabi/thumb/bits/gthr-single.h **** static inline int
 118:/opt/toolchains/arm-none-eabi/bin/../lib/gcc/arm-none-eabi/4.5.2/../../../../arm-none-eabi/include/c++/4.5.2/arm-none-eabi/thumb/bits/gthr-single.h **** __gthread_objc_thread_set_data (void *value)
 119:/opt/toolchains/arm-none-eabi/bin/../lib/gcc/arm-none-eabi/4.5.2/../../../../arm-none-eabi/include/c++/4.5.2/arm-none-eabi/thumb/bits/gthr-single.h **** {
 120:/opt/toolchains/arm-none-eabi/bin/../lib/gcc/arm-none-eabi/4.5.2/../../../../arm-none-eabi/include/c++/4.5.2/arm-none-eabi/thumb/bits/gthr-single.h ****   thread_local_storage = value;
 121:/opt/toolchains/arm-none-eabi/bin/../lib/gcc/arm-none-eabi/4.5.2/../../../../arm-none-eabi/include/c++/4.5.2/arm-none-eabi/thumb/bits/gthr-single.h ****   return 0;
 122:/opt/toolchains/arm-none-eabi/bin/../lib/gcc/arm-none-eabi/4.5.2/../../../../arm-none-eabi/include/c++/4.5.2/arm-none-eabi/thumb/bits/gthr-single.h **** }
 123:/opt/toolchains/arm-none-eabi/bin/../lib/gcc/arm-none-eabi/4.5.2/../../../../arm-none-eabi/include/c++/4.5.2/arm-none-eabi/thumb/bits/gthr-single.h **** 
 124:/opt/toolchains/arm-none-eabi/bin/../lib/gcc/arm-none-eabi/4.5.2/../../../../arm-none-eabi/include/c++/4.5.2/arm-none-eabi/thumb/bits/gthr-single.h **** /* Returns the thread's local storage pointer.  */
 125:/opt/toolchains/arm-none-eabi/bin/../lib/gcc/arm-none-eabi/4.5.2/../../../../arm-none-eabi/include/c++/4.5.2/arm-none-eabi/thumb/bits/gthr-single.h **** static inline void *
 126:/opt/toolchains/arm-none-eabi/bin/../lib/gcc/arm-none-eabi/4.5.2/../../../../arm-none-eabi/include/c++/4.5.2/arm-none-eabi/thumb/bits/gthr-single.h **** __gthread_objc_thread_get_data (void)
 127:/opt/toolchains/arm-none-eabi/bin/../lib/gcc/arm-none-eabi/4.5.2/../../../../arm-none-eabi/include/c++/4.5.2/arm-none-eabi/thumb/bits/gthr-single.h **** {
 128:/opt/toolchains/arm-none-eabi/bin/../lib/gcc/arm-none-eabi/4.5.2/../../../../arm-none-eabi/include/c++/4.5.2/arm-none-eabi/thumb/bits/gthr-single.h ****   return thread_local_storage;
 129:/opt/toolchains/arm-none-eabi/bin/../lib/gcc/arm-none-eabi/4.5.2/../../../../arm-none-eabi/include/c++/4.5.2/arm-none-eabi/thumb/bits/gthr-single.h **** }
 130:/opt/toolchains/arm-none-eabi/bin/../lib/gcc/arm-none-eabi/4.5.2/../../../../arm-none-eabi/include/c++/4.5.2/arm-none-eabi/thumb/bits/gthr-single.h **** 
 131:/opt/toolchains/arm-none-eabi/bin/../lib/gcc/arm-none-eabi/4.5.2/../../../../arm-none-eabi/include/c++/4.5.2/arm-none-eabi/thumb/bits/gthr-single.h **** /* Backend mutex functions */
 132:/opt/toolchains/arm-none-eabi/bin/../lib/gcc/arm-none-eabi/4.5.2/../../../../arm-none-eabi/include/c++/4.5.2/arm-none-eabi/thumb/bits/gthr-single.h **** 
 133:/opt/toolchains/arm-none-eabi/bin/../lib/gcc/arm-none-eabi/4.5.2/../../../../arm-none-eabi/include/c++/4.5.2/arm-none-eabi/thumb/bits/gthr-single.h **** /* Allocate a mutex.  */
 134:/opt/toolchains/arm-none-eabi/bin/../lib/gcc/arm-none-eabi/4.5.2/../../../../arm-none-eabi/include/c++/4.5.2/arm-none-eabi/thumb/bits/gthr-single.h **** static inline int
 135:/opt/toolchains/arm-none-eabi/bin/../lib/gcc/arm-none-eabi/4.5.2/../../../../arm-none-eabi/include/c++/4.5.2/arm-none-eabi/thumb/bits/gthr-single.h **** __gthread_objc_mutex_allocate (objc_mutex_t mutex _GLIBCXX_UNUSED)
 136:/opt/toolchains/arm-none-eabi/bin/../lib/gcc/arm-none-eabi/4.5.2/../../../../arm-none-eabi/include/c++/4.5.2/arm-none-eabi/thumb/bits/gthr-single.h **** {
 137:/opt/toolchains/arm-none-eabi/bin/../lib/gcc/arm-none-eabi/4.5.2/../../../../arm-none-eabi/include/c++/4.5.2/arm-none-eabi/thumb/bits/gthr-single.h ****   return 0;
 138:/opt/toolchains/arm-none-eabi/bin/../lib/gcc/arm-none-eabi/4.5.2/../../../../arm-none-eabi/include/c++/4.5.2/arm-none-eabi/thumb/bits/gthr-single.h **** }
 139:/opt/toolchains/arm-none-eabi/bin/../lib/gcc/arm-none-eabi/4.5.2/../../../../arm-none-eabi/include/c++/4.5.2/arm-none-eabi/thumb/bits/gthr-single.h **** 
 140:/opt/toolchains/arm-none-eabi/bin/../lib/gcc/arm-none-eabi/4.5.2/../../../../arm-none-eabi/include/c++/4.5.2/arm-none-eabi/thumb/bits/gthr-single.h **** /* Deallocate a mutex.  */
 141:/opt/toolchains/arm-none-eabi/bin/../lib/gcc/arm-none-eabi/4.5.2/../../../../arm-none-eabi/include/c++/4.5.2/arm-none-eabi/thumb/bits/gthr-single.h **** static inline int
 142:/opt/toolchains/arm-none-eabi/bin/../lib/gcc/arm-none-eabi/4.5.2/../../../../arm-none-eabi/include/c++/4.5.2/arm-none-eabi/thumb/bits/gthr-single.h **** __gthread_objc_mutex_deallocate (objc_mutex_t mutex _GLIBCXX_UNUSED)
 143:/opt/toolchains/arm-none-eabi/bin/../lib/gcc/arm-none-eabi/4.5.2/../../../../arm-none-eabi/include/c++/4.5.2/arm-none-eabi/thumb/bits/gthr-single.h **** {
 144:/opt/toolchains/arm-none-eabi/bin/../lib/gcc/arm-none-eabi/4.5.2/../../../../arm-none-eabi/include/c++/4.5.2/arm-none-eabi/thumb/bits/gthr-single.h ****   return 0;
 145:/opt/toolchains/arm-none-eabi/bin/../lib/gcc/arm-none-eabi/4.5.2/../../../../arm-none-eabi/include/c++/4.5.2/arm-none-eabi/thumb/bits/gthr-single.h **** }
 146:/opt/toolchains/arm-none-eabi/bin/../lib/gcc/arm-none-eabi/4.5.2/../../../../arm-none-eabi/include/c++/4.5.2/arm-none-eabi/thumb/bits/gthr-single.h **** 
 147:/opt/toolchains/arm-none-eabi/bin/../lib/gcc/arm-none-eabi/4.5.2/../../../../arm-none-eabi/include/c++/4.5.2/arm-none-eabi/thumb/bits/gthr-single.h **** /* Grab a lock on a mutex.  */
 148:/opt/toolchains/arm-none-eabi/bin/../lib/gcc/arm-none-eabi/4.5.2/../../../../arm-none-eabi/include/c++/4.5.2/arm-none-eabi/thumb/bits/gthr-single.h **** static inline int
 149:/opt/toolchains/arm-none-eabi/bin/../lib/gcc/arm-none-eabi/4.5.2/../../../../arm-none-eabi/include/c++/4.5.2/arm-none-eabi/thumb/bits/gthr-single.h **** __gthread_objc_mutex_lock (objc_mutex_t mutex _GLIBCXX_UNUSED)
 150:/opt/toolchains/arm-none-eabi/bin/../lib/gcc/arm-none-eabi/4.5.2/../../../../arm-none-eabi/include/c++/4.5.2/arm-none-eabi/thumb/bits/gthr-single.h **** {
 151:/opt/toolchains/arm-none-eabi/bin/../lib/gcc/arm-none-eabi/4.5.2/../../../../arm-none-eabi/include/c++/4.5.2/arm-none-eabi/thumb/bits/gthr-single.h ****   /* There can only be one thread, so we always get the lock */
 152:/opt/toolchains/arm-none-eabi/bin/../lib/gcc/arm-none-eabi/4.5.2/../../../../arm-none-eabi/include/c++/4.5.2/arm-none-eabi/thumb/bits/gthr-single.h ****   return 0;
 153:/opt/toolchains/arm-none-eabi/bin/../lib/gcc/arm-none-eabi/4.5.2/../../../../arm-none-eabi/include/c++/4.5.2/arm-none-eabi/thumb/bits/gthr-single.h **** }
 154:/opt/toolchains/arm-none-eabi/bin/../lib/gcc/arm-none-eabi/4.5.2/../../../../arm-none-eabi/include/c++/4.5.2/arm-none-eabi/thumb/bits/gthr-single.h **** 
 155:/opt/toolchains/arm-none-eabi/bin/../lib/gcc/arm-none-eabi/4.5.2/../../../../arm-none-eabi/include/c++/4.5.2/arm-none-eabi/thumb/bits/gthr-single.h **** /* Try to grab a lock on a mutex.  */
 156:/opt/toolchains/arm-none-eabi/bin/../lib/gcc/arm-none-eabi/4.5.2/../../../../arm-none-eabi/include/c++/4.5.2/arm-none-eabi/thumb/bits/gthr-single.h **** static inline int
 157:/opt/toolchains/arm-none-eabi/bin/../lib/gcc/arm-none-eabi/4.5.2/../../../../arm-none-eabi/include/c++/4.5.2/arm-none-eabi/thumb/bits/gthr-single.h **** __gthread_objc_mutex_trylock (objc_mutex_t mutex _GLIBCXX_UNUSED)
 158:/opt/toolchains/arm-none-eabi/bin/../lib/gcc/arm-none-eabi/4.5.2/../../../../arm-none-eabi/include/c++/4.5.2/arm-none-eabi/thumb/bits/gthr-single.h **** {
 159:/opt/toolchains/arm-none-eabi/bin/../lib/gcc/arm-none-eabi/4.5.2/../../../../arm-none-eabi/include/c++/4.5.2/arm-none-eabi/thumb/bits/gthr-single.h ****   /* There can only be one thread, so we always get the lock */
 160:/opt/toolchains/arm-none-eabi/bin/../lib/gcc/arm-none-eabi/4.5.2/../../../../arm-none-eabi/include/c++/4.5.2/arm-none-eabi/thumb/bits/gthr-single.h ****   return 0;
 161:/opt/toolchains/arm-none-eabi/bin/../lib/gcc/arm-none-eabi/4.5.2/../../../../arm-none-eabi/include/c++/4.5.2/arm-none-eabi/thumb/bits/gthr-single.h **** }
 162:/opt/toolchains/arm-none-eabi/bin/../lib/gcc/arm-none-eabi/4.5.2/../../../../arm-none-eabi/include/c++/4.5.2/arm-none-eabi/thumb/bits/gthr-single.h **** 
 163:/opt/toolchains/arm-none-eabi/bin/../lib/gcc/arm-none-eabi/4.5.2/../../../../arm-none-eabi/include/c++/4.5.2/arm-none-eabi/thumb/bits/gthr-single.h **** /* Unlock the mutex */
 164:/opt/toolchains/arm-none-eabi/bin/../lib/gcc/arm-none-eabi/4.5.2/../../../../arm-none-eabi/include/c++/4.5.2/arm-none-eabi/thumb/bits/gthr-single.h **** static inline int
 165:/opt/toolchains/arm-none-eabi/bin/../lib/gcc/arm-none-eabi/4.5.2/../../../../arm-none-eabi/include/c++/4.5.2/arm-none-eabi/thumb/bits/gthr-single.h **** __gthread_objc_mutex_unlock (objc_mutex_t mutex _GLIBCXX_UNUSED)
 166:/opt/toolchains/arm-none-eabi/bin/../lib/gcc/arm-none-eabi/4.5.2/../../../../arm-none-eabi/include/c++/4.5.2/arm-none-eabi/thumb/bits/gthr-single.h **** {
 167:/opt/toolchains/arm-none-eabi/bin/../lib/gcc/arm-none-eabi/4.5.2/../../../../arm-none-eabi/include/c++/4.5.2/arm-none-eabi/thumb/bits/gthr-single.h ****   return 0;
 168:/opt/toolchains/arm-none-eabi/bin/../lib/gcc/arm-none-eabi/4.5.2/../../../../arm-none-eabi/include/c++/4.5.2/arm-none-eabi/thumb/bits/gthr-single.h **** }
 169:/opt/toolchains/arm-none-eabi/bin/../lib/gcc/arm-none-eabi/4.5.2/../../../../arm-none-eabi/include/c++/4.5.2/arm-none-eabi/thumb/bits/gthr-single.h **** 
 170:/opt/toolchains/arm-none-eabi/bin/../lib/gcc/arm-none-eabi/4.5.2/../../../../arm-none-eabi/include/c++/4.5.2/arm-none-eabi/thumb/bits/gthr-single.h **** /* Backend condition mutex functions */
 171:/opt/toolchains/arm-none-eabi/bin/../lib/gcc/arm-none-eabi/4.5.2/../../../../arm-none-eabi/include/c++/4.5.2/arm-none-eabi/thumb/bits/gthr-single.h **** 
 172:/opt/toolchains/arm-none-eabi/bin/../lib/gcc/arm-none-eabi/4.5.2/../../../../arm-none-eabi/include/c++/4.5.2/arm-none-eabi/thumb/bits/gthr-single.h **** /* Allocate a condition.  */
 173:/opt/toolchains/arm-none-eabi/bin/../lib/gcc/arm-none-eabi/4.5.2/../../../../arm-none-eabi/include/c++/4.5.2/arm-none-eabi/thumb/bits/gthr-single.h **** static inline int
 174:/opt/toolchains/arm-none-eabi/bin/../lib/gcc/arm-none-eabi/4.5.2/../../../../arm-none-eabi/include/c++/4.5.2/arm-none-eabi/thumb/bits/gthr-single.h **** __gthread_objc_condition_allocate (objc_condition_t condition _GLIBCXX_UNUSED)
 175:/opt/toolchains/arm-none-eabi/bin/../lib/gcc/arm-none-eabi/4.5.2/../../../../arm-none-eabi/include/c++/4.5.2/arm-none-eabi/thumb/bits/gthr-single.h **** {
 176:/opt/toolchains/arm-none-eabi/bin/../lib/gcc/arm-none-eabi/4.5.2/../../../../arm-none-eabi/include/c++/4.5.2/arm-none-eabi/thumb/bits/gthr-single.h ****   return 0;
 177:/opt/toolchains/arm-none-eabi/bin/../lib/gcc/arm-none-eabi/4.5.2/../../../../arm-none-eabi/include/c++/4.5.2/arm-none-eabi/thumb/bits/gthr-single.h **** }
 178:/opt/toolchains/arm-none-eabi/bin/../lib/gcc/arm-none-eabi/4.5.2/../../../../arm-none-eabi/include/c++/4.5.2/arm-none-eabi/thumb/bits/gthr-single.h **** 
 179:/opt/toolchains/arm-none-eabi/bin/../lib/gcc/arm-none-eabi/4.5.2/../../../../arm-none-eabi/include/c++/4.5.2/arm-none-eabi/thumb/bits/gthr-single.h **** /* Deallocate a condition.  */
 180:/opt/toolchains/arm-none-eabi/bin/../lib/gcc/arm-none-eabi/4.5.2/../../../../arm-none-eabi/include/c++/4.5.2/arm-none-eabi/thumb/bits/gthr-single.h **** static inline int
 181:/opt/toolchains/arm-none-eabi/bin/../lib/gcc/arm-none-eabi/4.5.2/../../../../arm-none-eabi/include/c++/4.5.2/arm-none-eabi/thumb/bits/gthr-single.h **** __gthread_objc_condition_deallocate (objc_condition_t condition _GLIBCXX_UNUSED)
 182:/opt/toolchains/arm-none-eabi/bin/../lib/gcc/arm-none-eabi/4.5.2/../../../../arm-none-eabi/include/c++/4.5.2/arm-none-eabi/thumb/bits/gthr-single.h **** {
 183:/opt/toolchains/arm-none-eabi/bin/../lib/gcc/arm-none-eabi/4.5.2/../../../../arm-none-eabi/include/c++/4.5.2/arm-none-eabi/thumb/bits/gthr-single.h ****   return 0;
 184:/opt/toolchains/arm-none-eabi/bin/../lib/gcc/arm-none-eabi/4.5.2/../../../../arm-none-eabi/include/c++/4.5.2/arm-none-eabi/thumb/bits/gthr-single.h **** }
 185:/opt/toolchains/arm-none-eabi/bin/../lib/gcc/arm-none-eabi/4.5.2/../../../../arm-none-eabi/include/c++/4.5.2/arm-none-eabi/thumb/bits/gthr-single.h **** 
 186:/opt/toolchains/arm-none-eabi/bin/../lib/gcc/arm-none-eabi/4.5.2/../../../../arm-none-eabi/include/c++/4.5.2/arm-none-eabi/thumb/bits/gthr-single.h **** /* Wait on the condition */
 187:/opt/toolchains/arm-none-eabi/bin/../lib/gcc/arm-none-eabi/4.5.2/../../../../arm-none-eabi/include/c++/4.5.2/arm-none-eabi/thumb/bits/gthr-single.h **** static inline int
 188:/opt/toolchains/arm-none-eabi/bin/../lib/gcc/arm-none-eabi/4.5.2/../../../../arm-none-eabi/include/c++/4.5.2/arm-none-eabi/thumb/bits/gthr-single.h **** __gthread_objc_condition_wait (objc_condition_t condition _GLIBCXX_UNUSED,
 189:/opt/toolchains/arm-none-eabi/bin/../lib/gcc/arm-none-eabi/4.5.2/../../../../arm-none-eabi/include/c++/4.5.2/arm-none-eabi/thumb/bits/gthr-single.h **** 			       objc_mutex_t mutex _GLIBCXX_UNUSED)
 190:/opt/toolchains/arm-none-eabi/bin/../lib/gcc/arm-none-eabi/4.5.2/../../../../arm-none-eabi/include/c++/4.5.2/arm-none-eabi/thumb/bits/gthr-single.h **** {
 191:/opt/toolchains/arm-none-eabi/bin/../lib/gcc/arm-none-eabi/4.5.2/../../../../arm-none-eabi/include/c++/4.5.2/arm-none-eabi/thumb/bits/gthr-single.h ****   return 0;
 192:/opt/toolchains/arm-none-eabi/bin/../lib/gcc/arm-none-eabi/4.5.2/../../../../arm-none-eabi/include/c++/4.5.2/arm-none-eabi/thumb/bits/gthr-single.h **** }
 193:/opt/toolchains/arm-none-eabi/bin/../lib/gcc/arm-none-eabi/4.5.2/../../../../arm-none-eabi/include/c++/4.5.2/arm-none-eabi/thumb/bits/gthr-single.h **** 
 194:/opt/toolchains/arm-none-eabi/bin/../lib/gcc/arm-none-eabi/4.5.2/../../../../arm-none-eabi/include/c++/4.5.2/arm-none-eabi/thumb/bits/gthr-single.h **** /* Wake up all threads waiting on this condition.  */
 195:/opt/toolchains/arm-none-eabi/bin/../lib/gcc/arm-none-eabi/4.5.2/../../../../arm-none-eabi/include/c++/4.5.2/arm-none-eabi/thumb/bits/gthr-single.h **** static inline int
 196:/opt/toolchains/arm-none-eabi/bin/../lib/gcc/arm-none-eabi/4.5.2/../../../../arm-none-eabi/include/c++/4.5.2/arm-none-eabi/thumb/bits/gthr-single.h **** __gthread_objc_condition_broadcast (objc_condition_t condition _GLIBCXX_UNUSED)
 197:/opt/toolchains/arm-none-eabi/bin/../lib/gcc/arm-none-eabi/4.5.2/../../../../arm-none-eabi/include/c++/4.5.2/arm-none-eabi/thumb/bits/gthr-single.h **** {
 198:/opt/toolchains/arm-none-eabi/bin/../lib/gcc/arm-none-eabi/4.5.2/../../../../arm-none-eabi/include/c++/4.5.2/arm-none-eabi/thumb/bits/gthr-single.h ****   return 0;
 199:/opt/toolchains/arm-none-eabi/bin/../lib/gcc/arm-none-eabi/4.5.2/../../../../arm-none-eabi/include/c++/4.5.2/arm-none-eabi/thumb/bits/gthr-single.h **** }
 200:/opt/toolchains/arm-none-eabi/bin/../lib/gcc/arm-none-eabi/4.5.2/../../../../arm-none-eabi/include/c++/4.5.2/arm-none-eabi/thumb/bits/gthr-single.h **** 
 201:/opt/toolchains/arm-none-eabi/bin/../lib/gcc/arm-none-eabi/4.5.2/../../../../arm-none-eabi/include/c++/4.5.2/arm-none-eabi/thumb/bits/gthr-single.h **** /* Wake up one thread waiting on this condition.  */
 202:/opt/toolchains/arm-none-eabi/bin/../lib/gcc/arm-none-eabi/4.5.2/../../../../arm-none-eabi/include/c++/4.5.2/arm-none-eabi/thumb/bits/gthr-single.h **** static inline int
 203:/opt/toolchains/arm-none-eabi/bin/../lib/gcc/arm-none-eabi/4.5.2/../../../../arm-none-eabi/include/c++/4.5.2/arm-none-eabi/thumb/bits/gthr-single.h **** __gthread_objc_condition_signal (objc_condition_t condition _GLIBCXX_UNUSED)
 204:/opt/toolchains/arm-none-eabi/bin/../lib/gcc/arm-none-eabi/4.5.2/../../../../arm-none-eabi/include/c++/4.5.2/arm-none-eabi/thumb/bits/gthr-single.h **** {
 205:/opt/toolchains/arm-none-eabi/bin/../lib/gcc/arm-none-eabi/4.5.2/../../../../arm-none-eabi/include/c++/4.5.2/arm-none-eabi/thumb/bits/gthr-single.h ****   return 0;
 206:/opt/toolchains/arm-none-eabi/bin/../lib/gcc/arm-none-eabi/4.5.2/../../../../arm-none-eabi/include/c++/4.5.2/arm-none-eabi/thumb/bits/gthr-single.h **** }
 207:/opt/toolchains/arm-none-eabi/bin/../lib/gcc/arm-none-eabi/4.5.2/../../../../arm-none-eabi/include/c++/4.5.2/arm-none-eabi/thumb/bits/gthr-single.h **** 
 208:/opt/toolchains/arm-none-eabi/bin/../lib/gcc/arm-none-eabi/4.5.2/../../../../arm-none-eabi/include/c++/4.5.2/arm-none-eabi/thumb/bits/gthr-single.h **** #else /* _LIBOBJC */
 209:/opt/toolchains/arm-none-eabi/bin/../lib/gcc/arm-none-eabi/4.5.2/../../../../arm-none-eabi/include/c++/4.5.2/arm-none-eabi/thumb/bits/gthr-single.h **** 
 210:/opt/toolchains/arm-none-eabi/bin/../lib/gcc/arm-none-eabi/4.5.2/../../../../arm-none-eabi/include/c++/4.5.2/arm-none-eabi/thumb/bits/gthr-single.h **** static inline int
 211:/opt/toolchains/arm-none-eabi/bin/../lib/gcc/arm-none-eabi/4.5.2/../../../../arm-none-eabi/include/c++/4.5.2/arm-none-eabi/thumb/bits/gthr-single.h **** __gthread_active_p (void)
 212:/opt/toolchains/arm-none-eabi/bin/../lib/gcc/arm-none-eabi/4.5.2/../../../../arm-none-eabi/include/c++/4.5.2/arm-none-eabi/thumb/bits/gthr-single.h **** {
 213:/opt/toolchains/arm-none-eabi/bin/../lib/gcc/arm-none-eabi/4.5.2/../../../../arm-none-eabi/include/c++/4.5.2/arm-none-eabi/thumb/bits/gthr-single.h ****   return 0;
 214:/opt/toolchains/arm-none-eabi/bin/../lib/gcc/arm-none-eabi/4.5.2/../../../../arm-none-eabi/include/c++/4.5.2/arm-none-eabi/thumb/bits/gthr-single.h **** }
 215:/opt/toolchains/arm-none-eabi/bin/../lib/gcc/arm-none-eabi/4.5.2/../../../../arm-none-eabi/include/c++/4.5.2/arm-none-eabi/thumb/bits/gthr-single.h **** 
 216:/opt/toolchains/arm-none-eabi/bin/../lib/gcc/arm-none-eabi/4.5.2/../../../../arm-none-eabi/include/c++/4.5.2/arm-none-eabi/thumb/bits/gthr-single.h **** static inline int
 217:/opt/toolchains/arm-none-eabi/bin/../lib/gcc/arm-none-eabi/4.5.2/../../../../arm-none-eabi/include/c++/4.5.2/arm-none-eabi/thumb/bits/gthr-single.h **** __gthread_once (__gthread_once_t *__once _GLIBCXX_UNUSED, void (*__func) (void) _GLIBCXX_UNUSED)
 218:/opt/toolchains/arm-none-eabi/bin/../lib/gcc/arm-none-eabi/4.5.2/../../../../arm-none-eabi/include/c++/4.5.2/arm-none-eabi/thumb/bits/gthr-single.h **** {
 219:/opt/toolchains/arm-none-eabi/bin/../lib/gcc/arm-none-eabi/4.5.2/../../../../arm-none-eabi/include/c++/4.5.2/arm-none-eabi/thumb/bits/gthr-single.h ****   return 0;
 220:/opt/toolchains/arm-none-eabi/bin/../lib/gcc/arm-none-eabi/4.5.2/../../../../arm-none-eabi/include/c++/4.5.2/arm-none-eabi/thumb/bits/gthr-single.h **** }
 221:/opt/toolchains/arm-none-eabi/bin/../lib/gcc/arm-none-eabi/4.5.2/../../../../arm-none-eabi/include/c++/4.5.2/arm-none-eabi/thumb/bits/gthr-single.h **** 
 222:/opt/toolchains/arm-none-eabi/bin/../lib/gcc/arm-none-eabi/4.5.2/../../../../arm-none-eabi/include/c++/4.5.2/arm-none-eabi/thumb/bits/gthr-single.h **** static inline int _GLIBCXX_UNUSED
 223:/opt/toolchains/arm-none-eabi/bin/../lib/gcc/arm-none-eabi/4.5.2/../../../../arm-none-eabi/include/c++/4.5.2/arm-none-eabi/thumb/bits/gthr-single.h **** __gthread_key_create (__gthread_key_t *__key _GLIBCXX_UNUSED, void (*__func) (void *) _GLIBCXX_UNUS
 224:/opt/toolchains/arm-none-eabi/bin/../lib/gcc/arm-none-eabi/4.5.2/../../../../arm-none-eabi/include/c++/4.5.2/arm-none-eabi/thumb/bits/gthr-single.h **** {
 225:/opt/toolchains/arm-none-eabi/bin/../lib/gcc/arm-none-eabi/4.5.2/../../../../arm-none-eabi/include/c++/4.5.2/arm-none-eabi/thumb/bits/gthr-single.h ****   return 0;
 226:/opt/toolchains/arm-none-eabi/bin/../lib/gcc/arm-none-eabi/4.5.2/../../../../arm-none-eabi/include/c++/4.5.2/arm-none-eabi/thumb/bits/gthr-single.h **** }
 227:/opt/toolchains/arm-none-eabi/bin/../lib/gcc/arm-none-eabi/4.5.2/../../../../arm-none-eabi/include/c++/4.5.2/arm-none-eabi/thumb/bits/gthr-single.h **** 
 228:/opt/toolchains/arm-none-eabi/bin/../lib/gcc/arm-none-eabi/4.5.2/../../../../arm-none-eabi/include/c++/4.5.2/arm-none-eabi/thumb/bits/gthr-single.h **** static int _GLIBCXX_UNUSED
 229:/opt/toolchains/arm-none-eabi/bin/../lib/gcc/arm-none-eabi/4.5.2/../../../../arm-none-eabi/include/c++/4.5.2/arm-none-eabi/thumb/bits/gthr-single.h **** __gthread_key_delete (__gthread_key_t __key _GLIBCXX_UNUSED)
 230:/opt/toolchains/arm-none-eabi/bin/../lib/gcc/arm-none-eabi/4.5.2/../../../../arm-none-eabi/include/c++/4.5.2/arm-none-eabi/thumb/bits/gthr-single.h **** {
 3145              		.loc 62 230 0
 3146              		.cfi_startproc
 3147              		@ args = 0, pretend = 0, frame = 8
 3148              		@ frame_needed = 1, uses_anonymous_args = 0
 3149              		@ link register save eliminated.
 3150 0000 80B4     		push	{r7}
 3151              	.LCFI0:
 3152              		.cfi_def_cfa_offset 4
 3153 0002 83B0     		sub	sp, sp, #12
 3154              	.LCFI1:
 3155              		.cfi_def_cfa_offset 16
 3156 0004 00AF     		add	r7, sp, #0
 3157              		.cfi_offset 7, -4
 3158              	.LCFI2:
 3159              		.cfi_def_cfa_register 7
 3160 0006 7860     		str	r0, [r7, #4]
 231:/opt/toolchains/arm-none-eabi/bin/../lib/gcc/arm-none-eabi/4.5.2/../../../../arm-none-eabi/include/c++/4.5.2/arm-none-eabi/thumb/bits/gthr-single.h ****   return 0;
 3161              		.loc 62 231 0
 3162 0008 4FF00003 		mov	r3, #0
 232:/opt/toolchains/arm-none-eabi/bin/../lib/gcc/arm-none-eabi/4.5.2/../../../../arm-none-eabi/include/c++/4.5.2/arm-none-eabi/thumb/bits/gthr-single.h **** }
 3163              		.loc 62 232 0
 3164 000c 1846     		mov	r0, r3
 3165 000e 07F10C07 		add	r7, r7, #12
 3166 0012 BD46     		mov	sp, r7
 3167 0014 80BC     		pop	{r7}
 3168 0016 7047     		bx	lr
 3169              		.cfi_endproc
 3170              	.LFE328:
 3172              		.global	_ZN24MonochromeDisplayPainter10FontLookupE
 3173              		.section	.rodata._ZN24MonochromeDisplayPainter10FontLookupE,"a",%progbits
 3174              		.align	2
 3177              	_ZN24MonochromeDisplayPainter10FontLookupE:
 3178 0000 00       		.byte	0
 3179 0001 00       		.byte	0
 3180 0002 00       		.byte	0
 3181 0003 00       		.byte	0
 3182 0004 00       		.byte	0
 3183 0005 00       		.byte	0
 3184 0006 00       		.byte	0
 3185 0007 00       		.byte	0
 3186 0008 2F       		.byte	47
 3187 0009 00       		.byte	0
 3188 000a 00       		.byte	0
 3189 000b 00       		.byte	0
 3190 000c 00       		.byte	0
 3191 000d 07       		.byte	7
 3192 000e 00       		.byte	0
 3193 000f 07       		.byte	7
 3194 0010 00       		.byte	0
 3195 0011 00       		.byte	0
 3196 0012 14       		.byte	20
 3197 0013 7F       		.byte	127
 3198 0014 14       		.byte	20
 3199 0015 7F       		.byte	127
 3200 0016 14       		.byte	20
 3201 0017 00       		.byte	0
 3202 0018 24       		.byte	36
 3203 0019 2A       		.byte	42
 3204 001a 7F       		.byte	127
 3205 001b 2A       		.byte	42
 3206 001c 12       		.byte	18
 3207 001d 00       		.byte	0
 3208 001e 23       		.byte	35
 3209 001f 13       		.byte	19
 3210 0020 08       		.byte	8
 3211 0021 64       		.byte	100
 3212 0022 62       		.byte	98
 3213 0023 00       		.byte	0
 3214 0024 36       		.byte	54
 3215 0025 49       		.byte	73
 3216 0026 55       		.byte	85
 3217 0027 22       		.byte	34
 3218 0028 50       		.byte	80
 3219 0029 00       		.byte	0
 3220 002a 00       		.byte	0
 3221 002b 05       		.byte	5
 3222 002c 03       		.byte	3
 3223 002d 00       		.byte	0
 3224 002e 00       		.byte	0
 3225 002f 00       		.byte	0
 3226 0030 00       		.byte	0
 3227 0031 1C       		.byte	28
 3228 0032 22       		.byte	34
 3229 0033 41       		.byte	65
 3230 0034 00       		.byte	0
 3231 0035 00       		.byte	0
 3232 0036 00       		.byte	0
 3233 0037 41       		.byte	65
 3234 0038 22       		.byte	34
 3235 0039 1C       		.byte	28
 3236 003a 00       		.byte	0
 3237 003b 00       		.byte	0
 3238 003c 14       		.byte	20
 3239 003d 08       		.byte	8
 3240 003e 3E       		.byte	62
 3241 003f 08       		.byte	8
 3242 0040 14       		.byte	20
 3243 0041 00       		.byte	0
 3244 0042 08       		.byte	8
 3245 0043 08       		.byte	8
 3246 0044 3E       		.byte	62
 3247 0045 08       		.byte	8
 3248 0046 08       		.byte	8
 3249 0047 00       		.byte	0
 3250 0048 00       		.byte	0
 3251 0049 00       		.byte	0
 3252 004a 50       		.byte	80
 3253 004b 30       		.byte	48
 3254 004c 00       		.byte	0
 3255 004d 00       		.byte	0
 3256 004e 10       		.byte	16
 3257 004f 10       		.byte	16
 3258 0050 10       		.byte	16
 3259 0051 10       		.byte	16
 3260 0052 10       		.byte	16
 3261 0053 00       		.byte	0
 3262 0054 00       		.byte	0
 3263 0055 60       		.byte	96
 3264 0056 60       		.byte	96
 3265 0057 00       		.byte	0
 3266 0058 00       		.byte	0
 3267 0059 00       		.byte	0
 3268 005a 20       		.byte	32
 3269 005b 10       		.byte	16
 3270 005c 08       		.byte	8
 3271 005d 04       		.byte	4
 3272 005e 02       		.byte	2
 3273 005f 00       		.byte	0
 3274 0060 3E       		.byte	62
 3275 0061 51       		.byte	81
 3276 0062 49       		.byte	73
 3277 0063 45       		.byte	69
 3278 0064 3E       		.byte	62
 3279 0065 00       		.byte	0
 3280 0066 00       		.byte	0
 3281 0067 42       		.byte	66
 3282 0068 7F       		.byte	127
 3283 0069 40       		.byte	64
 3284 006a 00       		.byte	0
 3285 006b 00       		.byte	0
 3286 006c 42       		.byte	66
 3287 006d 61       		.byte	97
 3288 006e 51       		.byte	81
 3289 006f 49       		.byte	73
 3290 0070 46       		.byte	70
 3291 0071 00       		.byte	0
 3292 0072 21       		.byte	33
 3293 0073 41       		.byte	65
 3294 0074 45       		.byte	69
 3295 0075 4B       		.byte	75
 3296 0076 31       		.byte	49
 3297 0077 00       		.byte	0
 3298 0078 18       		.byte	24
 3299 0079 14       		.byte	20
 3300 007a 12       		.byte	18
 3301 007b 7F       		.byte	127
 3302 007c 10       		.byte	16
 3303 007d 00       		.byte	0
 3304 007e 27       		.byte	39
 3305 007f 45       		.byte	69
 3306 0080 45       		.byte	69
 3307 0081 45       		.byte	69
 3308 0082 39       		.byte	57
 3309 0083 00       		.byte	0
 3310 0084 3C       		.byte	60
 3311 0085 4A       		.byte	74
 3312 0086 49       		.byte	73
 3313 0087 49       		.byte	73
 3314 0088 30       		.byte	48
 3315 0089 00       		.byte	0
 3316 008a 01       		.byte	1
 3317 008b 71       		.byte	113
 3318 008c 09       		.byte	9
 3319 008d 05       		.byte	5
 3320 008e 03       		.byte	3
 3321 008f 00       		.byte	0
 3322 0090 36       		.byte	54
 3323 0091 49       		.byte	73
 3324 0092 49       		.byte	73
 3325 0093 49       		.byte	73
 3326 0094 36       		.byte	54
 3327 0095 00       		.byte	0
 3328 0096 06       		.byte	6
 3329 0097 49       		.byte	73
 3330 0098 49       		.byte	73
 3331 0099 29       		.byte	41
 3332 009a 1E       		.byte	30
 3333 009b 00       		.byte	0
 3334 009c 00       		.byte	0
 3335 009d 36       		.byte	54
 3336 009e 36       		.byte	54
 3337 009f 00       		.byte	0
 3338 00a0 00       		.byte	0
 3339 00a1 00       		.byte	0
 3340 00a2 00       		.byte	0
 3341 00a3 56       		.byte	86
 3342 00a4 36       		.byte	54
 3343 00a5 00       		.byte	0
 3344 00a6 00       		.byte	0
 3345 00a7 00       		.byte	0
 3346 00a8 08       		.byte	8
 3347 00a9 14       		.byte	20
 3348 00aa 22       		.byte	34
 3349 00ab 41       		.byte	65
 3350 00ac 00       		.byte	0
 3351 00ad 00       		.byte	0
 3352 00ae 14       		.byte	20
 3353 00af 14       		.byte	20
 3354 00b0 14       		.byte	20
 3355 00b1 14       		.byte	20
 3356 00b2 14       		.byte	20
 3357 00b3 00       		.byte	0
 3358 00b4 00       		.byte	0
 3359 00b5 41       		.byte	65
 3360 00b6 22       		.byte	34
 3361 00b7 14       		.byte	20
 3362 00b8 08       		.byte	8
 3363 00b9 00       		.byte	0
 3364 00ba 02       		.byte	2
 3365 00bb 01       		.byte	1
 3366 00bc 51       		.byte	81
 3367 00bd 09       		.byte	9
 3368 00be 06       		.byte	6
 3369 00bf 00       		.byte	0
 3370 00c0 32       		.byte	50
 3371 00c1 49       		.byte	73
 3372 00c2 59       		.byte	89
 3373 00c3 51       		.byte	81
 3374 00c4 3E       		.byte	62
 3375 00c5 00       		.byte	0
 3376 00c6 7E       		.byte	126
 3377 00c7 11       		.byte	17
 3378 00c8 11       		.byte	17
 3379 00c9 11       		.byte	17
 3380 00ca 7E       		.byte	126
 3381 00cb 00       		.byte	0
 3382 00cc 7F       		.byte	127
 3383 00cd 49       		.byte	73
 3384 00ce 49       		.byte	73
 3385 00cf 49       		.byte	73
 3386 00d0 36       		.byte	54
 3387 00d1 00       		.byte	0
 3388 00d2 3E       		.byte	62
 3389 00d3 41       		.byte	65
 3390 00d4 41       		.byte	65
 3391 00d5 41       		.byte	65
 3392 00d6 22       		.byte	34
 3393 00d7 00       		.byte	0
 3394 00d8 7F       		.byte	127
 3395 00d9 41       		.byte	65
 3396 00da 41       		.byte	65
 3397 00db 22       		.byte	34
 3398 00dc 1C       		.byte	28
 3399 00dd 00       		.byte	0
 3400 00de 7F       		.byte	127
 3401 00df 49       		.byte	73
 3402 00e0 49       		.byte	73
 3403 00e1 49       		.byte	73
 3404 00e2 41       		.byte	65
 3405 00e3 00       		.byte	0
 3406 00e4 7F       		.byte	127
 3407 00e5 09       		.byte	9
 3408 00e6 09       		.byte	9
 3409 00e7 09       		.byte	9
 3410 00e8 01       		.byte	1
 3411 00e9 00       		.byte	0
 3412 00ea 3E       		.byte	62
 3413 00eb 41       		.byte	65
 3414 00ec 49       		.byte	73
 3415 00ed 49       		.byte	73
 3416 00ee 7A       		.byte	122
 3417 00ef 00       		.byte	0
 3418 00f0 7F       		.byte	127
 3419 00f1 08       		.byte	8
 3420 00f2 08       		.byte	8
 3421 00f3 08       		.byte	8
 3422 00f4 7F       		.byte	127
 3423 00f5 00       		.byte	0
 3424 00f6 00       		.byte	0
 3425 00f7 41       		.byte	65
 3426 00f8 7F       		.byte	127
 3427 00f9 41       		.byte	65
 3428 00fa 00       		.byte	0
 3429 00fb 00       		.byte	0
 3430 00fc 20       		.byte	32
 3431 00fd 40       		.byte	64
 3432 00fe 41       		.byte	65
 3433 00ff 3F       		.byte	63
 3434 0100 01       		.byte	1
 3435 0101 00       		.byte	0
 3436 0102 7F       		.byte	127
 3437 0103 08       		.byte	8
 3438 0104 14       		.byte	20
 3439 0105 22       		.byte	34
 3440 0106 41       		.byte	65
 3441 0107 00       		.byte	0
 3442 0108 7F       		.byte	127
 3443 0109 40       		.byte	64
 3444 010a 40       		.byte	64
 3445 010b 40       		.byte	64
 3446 010c 40       		.byte	64
 3447 010d 00       		.byte	0
 3448 010e 7F       		.byte	127
 3449 010f 02       		.byte	2
 3450 0110 0C       		.byte	12
 3451 0111 02       		.byte	2
 3452 0112 7F       		.byte	127
 3453 0113 00       		.byte	0
 3454 0114 7F       		.byte	127
 3455 0115 04       		.byte	4
 3456 0116 08       		.byte	8
 3457 0117 10       		.byte	16
 3458 0118 7F       		.byte	127
 3459 0119 00       		.byte	0
 3460 011a 3E       		.byte	62
 3461 011b 41       		.byte	65
 3462 011c 41       		.byte	65
 3463 011d 41       		.byte	65
 3464 011e 3E       		.byte	62
 3465 011f 00       		.byte	0
 3466 0120 7F       		.byte	127
 3467 0121 09       		.byte	9
 3468 0122 09       		.byte	9
 3469 0123 09       		.byte	9
 3470 0124 06       		.byte	6
 3471 0125 00       		.byte	0
 3472 0126 3E       		.byte	62
 3473 0127 41       		.byte	65
 3474 0128 51       		.byte	81
 3475 0129 21       		.byte	33
 3476 012a 5E       		.byte	94
 3477 012b 00       		.byte	0
 3478 012c 7F       		.byte	127
 3479 012d 09       		.byte	9
 3480 012e 19       		.byte	25
 3481 012f 29       		.byte	41
 3482 0130 46       		.byte	70
 3483 0131 00       		.byte	0
 3484 0132 46       		.byte	70
 3485 0133 49       		.byte	73
 3486 0134 49       		.byte	73
 3487 0135 49       		.byte	73
 3488 0136 31       		.byte	49
 3489 0137 00       		.byte	0
 3490 0138 01       		.byte	1
 3491 0139 01       		.byte	1
 3492 013a 7F       		.byte	127
 3493 013b 01       		.byte	1
 3494 013c 01       		.byte	1
 3495 013d 00       		.byte	0
 3496 013e 3F       		.byte	63
 3497 013f 40       		.byte	64
 3498 0140 40       		.byte	64
 3499 0141 40       		.byte	64
 3500 0142 3F       		.byte	63
 3501 0143 00       		.byte	0
 3502 0144 1F       		.byte	31
 3503 0145 20       		.byte	32
 3504 0146 40       		.byte	64
 3505 0147 20       		.byte	32
 3506 0148 1F       		.byte	31
 3507 0149 00       		.byte	0
 3508 014a 3F       		.byte	63
 3509 014b 40       		.byte	64
 3510 014c 38       		.byte	56
 3511 014d 40       		.byte	64
 3512 014e 3F       		.byte	63
 3513 014f 00       		.byte	0
 3514 0150 63       		.byte	99
 3515 0151 14       		.byte	20
 3516 0152 08       		.byte	8
 3517 0153 14       		.byte	20
 3518 0154 63       		.byte	99
 3519 0155 00       		.byte	0
 3520 0156 07       		.byte	7
 3521 0157 08       		.byte	8
 3522 0158 70       		.byte	112
 3523 0159 08       		.byte	8
 3524 015a 07       		.byte	7
 3525 015b 00       		.byte	0
 3526 015c 61       		.byte	97
 3527 015d 51       		.byte	81
 3528 015e 49       		.byte	73
 3529 015f 45       		.byte	69
 3530 0160 43       		.byte	67
 3531 0161 00       		.byte	0
 3532 0162 00       		.byte	0
 3533 0163 7F       		.byte	127
 3534 0164 41       		.byte	65
 3535 0165 41       		.byte	65
 3536 0166 00       		.byte	0
 3537 0167 00       		.byte	0
 3538 0168 55       		.byte	85
 3539 0169 2A       		.byte	42
 3540 016a 55       		.byte	85
 3541 016b 2A       		.byte	42
 3542 016c 55       		.byte	85
 3543 016d 00       		.byte	0
 3544 016e 00       		.byte	0
 3545 016f 41       		.byte	65
 3546 0170 41       		.byte	65
 3547 0171 7F       		.byte	127
 3548 0172 00       		.byte	0
 3549 0173 00       		.byte	0
 3550 0174 04       		.byte	4
 3551 0175 02       		.byte	2
 3552 0176 01       		.byte	1
 3553 0177 02       		.byte	2
 3554 0178 04       		.byte	4
 3555 0179 00       		.byte	0
 3556 017a 40       		.byte	64
 3557 017b 40       		.byte	64
 3558 017c 40       		.byte	64
 3559 017d 40       		.byte	64
 3560 017e 40       		.byte	64
 3561 017f 00       		.byte	0
 3562 0180 00       		.byte	0
 3563 0181 01       		.byte	1
 3564 0182 02       		.byte	2
 3565 0183 04       		.byte	4
 3566 0184 00       		.byte	0
 3567 0185 00       		.byte	0
 3568 0186 20       		.byte	32
 3569 0187 54       		.byte	84
 3570 0188 54       		.byte	84
 3571 0189 54       		.byte	84
 3572 018a 78       		.byte	120
 3573 018b 00       		.byte	0
 3574 018c 7F       		.byte	127
 3575 018d 48       		.byte	72
 3576 018e 44       		.byte	68
 3577 018f 44       		.byte	68
 3578 0190 38       		.byte	56
 3579 0191 00       		.byte	0
 3580 0192 38       		.byte	56
 3581 0193 44       		.byte	68
 3582 0194 44       		.byte	68
 3583 0195 44       		.byte	68
 3584 0196 20       		.byte	32
 3585 0197 00       		.byte	0
 3586 0198 38       		.byte	56
 3587 0199 44       		.byte	68
 3588 019a 44       		.byte	68
 3589 019b 48       		.byte	72
 3590 019c 7F       		.byte	127
 3591 019d 00       		.byte	0
 3592 019e 38       		.byte	56
 3593 019f 54       		.byte	84
 3594 01a0 54       		.byte	84
 3595 01a1 54       		.byte	84
 3596 01a2 18       		.byte	24
 3597 01a3 00       		.byte	0
 3598 01a4 08       		.byte	8
 3599 01a5 7E       		.byte	126
 3600 01a6 09       		.byte	9
 3601 01a7 01       		.byte	1
 3602 01a8 02       		.byte	2
 3603 01a9 00       		.byte	0
 3604 01aa 0C       		.byte	12
 3605 01ab 52       		.byte	82
 3606 01ac 52       		.byte	82
 3607 01ad 52       		.byte	82
 3608 01ae 3E       		.byte	62
 3609 01af 00       		.byte	0
 3610 01b0 7F       		.byte	127
 3611 01b1 08       		.byte	8
 3612 01b2 04       		.byte	4
 3613 01b3 04       		.byte	4
 3614 01b4 78       		.byte	120
 3615 01b5 00       		.byte	0
 3616 01b6 00       		.byte	0
 3617 01b7 44       		.byte	68
 3618 01b8 7D       		.byte	125
 3619 01b9 40       		.byte	64
 3620 01ba 00       		.byte	0
 3621 01bb 00       		.byte	0
 3622 01bc 20       		.byte	32
 3623 01bd 40       		.byte	64
 3624 01be 44       		.byte	68
 3625 01bf 3D       		.byte	61
 3626 01c0 00       		.byte	0
 3627 01c1 00       		.byte	0
 3628 01c2 7F       		.byte	127
 3629 01c3 10       		.byte	16
 3630 01c4 28       		.byte	40
 3631 01c5 44       		.byte	68
 3632 01c6 00       		.byte	0
 3633 01c7 00       		.byte	0
 3634 01c8 00       		.byte	0
 3635 01c9 41       		.byte	65
 3636 01ca 7F       		.byte	127
 3637 01cb 40       		.byte	64
 3638 01cc 00       		.byte	0
 3639 01cd 00       		.byte	0
 3640 01ce 7C       		.byte	124
 3641 01cf 04       		.byte	4
 3642 01d0 18       		.byte	24
 3643 01d1 04       		.byte	4
 3644 01d2 78       		.byte	120
 3645 01d3 00       		.byte	0
 3646 01d4 7C       		.byte	124
 3647 01d5 08       		.byte	8
 3648 01d6 04       		.byte	4
 3649 01d7 04       		.byte	4
 3650 01d8 78       		.byte	120
 3651 01d9 00       		.byte	0
 3652 01da 38       		.byte	56
 3653 01db 44       		.byte	68
 3654 01dc 44       		.byte	68
 3655 01dd 44       		.byte	68
 3656 01de 38       		.byte	56
 3657 01df 00       		.byte	0
 3658 01e0 7C       		.byte	124
 3659 01e1 14       		.byte	20
 3660 01e2 14       		.byte	20
 3661 01e3 14       		.byte	20
 3662 01e4 08       		.byte	8
 3663 01e5 00       		.byte	0
 3664 01e6 08       		.byte	8
 3665 01e7 14       		.byte	20
 3666 01e8 14       		.byte	20
 3667 01e9 18       		.byte	24
 3668 01ea 7C       		.byte	124
 3669 01eb 00       		.byte	0
 3670 01ec 7C       		.byte	124
 3671 01ed 08       		.byte	8
 3672 01ee 04       		.byte	4
 3673 01ef 04       		.byte	4
 3674 01f0 08       		.byte	8
 3675 01f1 00       		.byte	0
 3676 01f2 48       		.byte	72
 3677 01f3 54       		.byte	84
 3678 01f4 54       		.byte	84
 3679 01f5 54       		.byte	84
 3680 01f6 20       		.byte	32
 3681 01f7 00       		.byte	0
 3682 01f8 04       		.byte	4
 3683 01f9 3F       		.byte	63
 3684 01fa 44       		.byte	68
 3685 01fb 40       		.byte	64
 3686 01fc 20       		.byte	32
 3687 01fd 00       		.byte	0
 3688 01fe 3C       		.byte	60
 3689 01ff 40       		.byte	64
 3690 0200 40       		.byte	64
 3691 0201 20       		.byte	32
 3692 0202 7C       		.byte	124
 3693 0203 00       		.byte	0
 3694 0204 1C       		.byte	28
 3695 0205 20       		.byte	32
 3696 0206 40       		.byte	64
 3697 0207 20       		.byte	32
 3698 0208 1C       		.byte	28
 3699 0209 00       		.byte	0
 3700 020a 3C       		.byte	60
 3701 020b 40       		.byte	64
 3702 020c 30       		.byte	48
 3703 020d 40       		.byte	64
 3704 020e 3C       		.byte	60
 3705 020f 00       		.byte	0
 3706 0210 44       		.byte	68
 3707 0211 28       		.byte	40
 3708 0212 10       		.byte	16
 3709 0213 28       		.byte	40
 3710 0214 44       		.byte	68
 3711 0215 00       		.byte	0
 3712 0216 0C       		.byte	12
 3713 0217 50       		.byte	80
 3714 0218 50       		.byte	80
 3715 0219 50       		.byte	80
 3716 021a 3C       		.byte	60
 3717 021b 00       		.byte	0
 3718 021c 44       		.byte	68
 3719 021d 64       		.byte	100
 3720 021e 54       		.byte	84
 3721 021f 4C       		.byte	76
 3722 0220 44       		.byte	68
 3723 0221 00       		.byte	0
 3724 0222 08       		.byte	8
 3725 0223 3E       		.byte	62
 3726 0224 41       		.byte	65
 3727 0225 41       		.byte	65
 3728 0226 00       		.byte	0
 3729 0227 00       		.byte	0
 3730 0228 00       		.byte	0
 3731 0229 00       		.byte	0
 3732 022a 7F       		.byte	127
 3733 022b 00       		.byte	0
 3734 022c 00       		.byte	0
 3735 022d 00       		.byte	0
 3736 022e 00       		.byte	0
 3737 022f 41       		.byte	65
 3738 0230 41       		.byte	65
 3739 0231 3E       		.byte	62
 3740 0232 08       		.byte	8
 3741 0233 00       		.byte	0
 3742 0234 10       		.byte	16
 3743 0235 08       		.byte	8
 3744 0236 10       		.byte	16
 3745 0237 20       		.byte	32
 3746 0238 10       		.byte	16
 3747 0239 00       		.byte	0
 3748 023a 00       		.byte	0
 3749 023b 00       		.byte	0
 3750 023c 00       		.byte	0
 3751 023d 00       		.byte	0
 3752 023e 00       		.byte	0
 3753 023f 00       		.byte	0
 3754 0240 00       		.byte	0
 3755 0241 08       		.byte	8
 3756 0242 1C       		.byte	28
 3757 0243 3E       		.byte	62
 3758 0244 7F       		.byte	127
 3759 0245 00       		.byte	0
 3760 0246 60       		.byte	96
 3761 0247 78       		.byte	120
 3762 0248 7E       		.byte	126
 3763 0249 78       		.byte	120
 3764 024a 60       		.byte	96
 3765 024b 00       		.byte	0
 3766 024c 00       		.byte	0
 3767 024d 7F       		.byte	127
 3768 024e 3E       		.byte	62
 3769 024f 1C       		.byte	28
 3770 0250 08       		.byte	8
 3771 0251 00       		.byte	0
 3772 0252 06       		.byte	6
 3773 0253 1E       		.byte	30
 3774 0254 7E       		.byte	126
 3775 0255 1E       		.byte	30
 3776 0256 06       		.byte	6
 3777 0257 00       		.byte	0
 3778 0258 00       		.byte	0
 3779 0259 08       		.byte	8
 3780 025a 14       		.byte	20
 3781 025b 22       		.byte	34
 3782 025c 7F       		.byte	127
 3783 025d 00       		.byte	0
 3784 025e 60       		.byte	96
 3785 025f 58       		.byte	88
 3786 0260 46       		.byte	70
 3787 0261 58       		.byte	88
 3788 0262 60       		.byte	96
 3789 0263 00       		.byte	0
 3790 0264 00       		.byte	0
 3791 0265 7F       		.byte	127
 3792 0266 22       		.byte	34
 3793 0267 14       		.byte	20
 3794 0268 08       		.byte	8
 3795 0269 00       		.byte	0
 3796 026a 06       		.byte	6
 3797 026b 1A       		.byte	26
 3798 026c 62       		.byte	98
 3799 026d 1A       		.byte	26
 3800 026e 06       		.byte	6
 3801 026f 00       		.byte	0
 3802 0270 7E       		.byte	126
 3803 0271 7E       		.byte	126
 3804 0272 7E       		.byte	126
 3805 0273 00       		.byte	0
 3806 0274 00       		.byte	0
 3807 0275 00       		.byte	0
 3808 0276 00       		.byte	0
 3809 0277 00       		.byte	0
 3810 0278 00       		.byte	0
 3811 0279 00       		.byte	0
 3812 027a 00       		.byte	0
 3813 027b 00       		.byte	0
 3814 027c 20       		.byte	32
 3815 027d 54       		.byte	84
 3816 027e 55       		.byte	85
 3817 027f 56       		.byte	86
 3818 0280 78       		.byte	120
 3819 0281 00       		.byte	0
 3820 0282 20       		.byte	32
 3821 0283 54       		.byte	84
 3822 0284 56       		.byte	86
 3823 0285 55       		.byte	85
 3824 0286 78       		.byte	120
 3825 0287 00       		.byte	0
 3826 0288 20       		.byte	32
 3827 0289 56       		.byte	86
 3828 028a 55       		.byte	85
 3829 028b 56       		.byte	86
 3830 028c 78       		.byte	120
 3831 028d 00       		.byte	0
 3832 028e 20       		.byte	32
 3833 028f 56       		.byte	86
 3834 0290 55       		.byte	85
 3835 0291 56       		.byte	86
 3836 0292 79       		.byte	121
 3837 0293 00       		.byte	0
 3838 0294 20       		.byte	32
 3839 0295 55       		.byte	85
 3840 0296 54       		.byte	84
 3841 0297 55       		.byte	85
 3842 0298 78       		.byte	120
 3843 0299 00       		.byte	0
 3844 029a 20       		.byte	32
 3845 029b 54       		.byte	84
 3846 029c 54       		.byte	84
 3847 029d 54       		.byte	84
 3848 029e 78       		.byte	120
 3849 029f 00       		.byte	0
 3850 02a0 20       		.byte	32
 3851 02a1 54       		.byte	84
 3852 02a2 54       		.byte	84
 3853 02a3 54       		.byte	84
 3854 02a4 78       		.byte	120
 3855 02a5 00       		.byte	0
 3856 02a6 38       		.byte	56
 3857 02a7 44       		.byte	68
 3858 02a8 44       		.byte	68
 3859 02a9 44       		.byte	68
 3860 02aa 20       		.byte	32
 3861 02ab 00       		.byte	0
 3862 02ac 38       		.byte	56
 3863 02ad 54       		.byte	84
 3864 02ae 55       		.byte	85
 3865 02af 56       		.byte	86
 3866 02b0 18       		.byte	24
 3867 02b1 00       		.byte	0
 3868 02b2 38       		.byte	56
 3869 02b3 54       		.byte	84
 3870 02b4 56       		.byte	86
 3871 02b5 55       		.byte	85
 3872 02b6 18       		.byte	24
 3873 02b7 00       		.byte	0
 3874 02b8 38       		.byte	56
 3875 02b9 56       		.byte	86
 3876 02ba 55       		.byte	85
 3877 02bb 56       		.byte	86
 3878 02bc 18       		.byte	24
 3879 02bd 00       		.byte	0
 3880 02be 38       		.byte	56
 3881 02bf 55       		.byte	85
 3882 02c0 54       		.byte	84
 3883 02c1 55       		.byte	85
 3884 02c2 18       		.byte	24
 3885 02c3 00       		.byte	0
 3886 02c4 00       		.byte	0
 3887 02c5 44       		.byte	68
 3888 02c6 7D       		.byte	125
 3889 02c7 42       		.byte	66
 3890 02c8 00       		.byte	0
 3891 02c9 00       		.byte	0
 3892 02ca 00       		.byte	0
 3893 02cb 46       		.byte	70
 3894 02cc 7D       		.byte	125
 3895 02cd 40       		.byte	64
 3896 02ce 00       		.byte	0
 3897 02cf 00       		.byte	0
 3898 02d0 00       		.byte	0
 3899 02d1 46       		.byte	70
 3900 02d2 7D       		.byte	125
 3901 02d3 42       		.byte	66
 3902 02d4 00       		.byte	0
 3903 02d5 00       		.byte	0
 3904 02d6 00       		.byte	0
 3905 02d7 45       		.byte	69
 3906 02d8 7C       		.byte	124
 3907 02d9 41       		.byte	65
 3908 02da 00       		.byte	0
 3909 02db 00       		.byte	0
 3910 02dc 00       		.byte	0
 3911 02dd 00       		.byte	0
 3912 02de 00       		.byte	0
 3913 02df 00       		.byte	0
 3914 02e0 00       		.byte	0
 3915 02e1 00       		.byte	0
 3916 02e2 7C       		.byte	124
 3917 02e3 0A       		.byte	10
 3918 02e4 05       		.byte	5
 3919 02e5 06       		.byte	6
 3920 02e6 79       		.byte	121
 3921 02e7 00       		.byte	0
 3922 02e8 38       		.byte	56
 3923 02e9 44       		.byte	68
 3924 02ea 45       		.byte	69
 3925 02eb 46       		.byte	70
 3926 02ec 38       		.byte	56
 3927 02ed 00       		.byte	0
 3928 02ee 38       		.byte	56
 3929 02ef 46       		.byte	70
 3930 02f0 45       		.byte	69
 3931 02f1 44       		.byte	68
 3932 02f2 38       		.byte	56
 3933 02f3 00       		.byte	0
 3934 02f4 38       		.byte	56
 3935 02f5 46       		.byte	70
 3936 02f6 45       		.byte	69
 3937 02f7 46       		.byte	70
 3938 02f8 38       		.byte	56
 3939 02f9 00       		.byte	0
 3940 02fa 38       		.byte	56
 3941 02fb 46       		.byte	70
 3942 02fc 45       		.byte	69
 3943 02fd 46       		.byte	70
 3944 02fe 39       		.byte	57
 3945 02ff 00       		.byte	0
 3946 0300 38       		.byte	56
 3947 0301 45       		.byte	69
 3948 0302 44       		.byte	68
 3949 0303 45       		.byte	69
 3950 0304 38       		.byte	56
 3951 0305 00       		.byte	0
 3952 0306 08       		.byte	8
 3953 0307 08       		.byte	8
 3954 0308 2A       		.byte	42
 3955 0309 08       		.byte	8
 3956 030a 08       		.byte	8
 3957 030b 00       		.byte	0
 3958 030c 78       		.byte	120
 3959 030d 64       		.byte	100
 3960 030e 54       		.byte	84
 3961 030f 4C       		.byte	76
 3962 0310 3C       		.byte	60
 3963 0311 00       		.byte	0
 3964 0312 3C       		.byte	60
 3965 0313 40       		.byte	64
 3966 0314 41       		.byte	65
 3967 0315 22       		.byte	34
 3968 0316 7C       		.byte	124
 3969 0317 00       		.byte	0
 3970 0318 3C       		.byte	60
 3971 0319 42       		.byte	66
 3972 031a 41       		.byte	65
 3973 031b 22       		.byte	34
 3974 031c 7C       		.byte	124
 3975 031d 00       		.byte	0
 3976 031e 3C       		.byte	60
 3977 031f 42       		.byte	66
 3978 0320 41       		.byte	65
 3979 0321 20       		.byte	32
 3980 0322 7C       		.byte	124
 3981 0323 00       		.byte	0
 3982 0324 3C       		.byte	60
 3983 0325 41       		.byte	65
 3984 0326 40       		.byte	64
 3985 0327 21       		.byte	33
 3986 0328 7C       		.byte	124
 3987 0329 00       		.byte	0
 3988 032a 0C       		.byte	12
 3989 032b 50       		.byte	80
 3990 032c 51       		.byte	81
 3991 032d 52       		.byte	82
 3992 032e 3C       		.byte	60
 3993 032f 00       		.byte	0
 3994 0330 00       		.byte	0
 3995 0331 00       		.byte	0
 3996 0332 00       		.byte	0
 3997 0333 00       		.byte	0
 3998 0334 00       		.byte	0
 3999 0335 00       		.byte	0
 4000 0336 0C       		.byte	12
 4001 0337 51       		.byte	81
 4002 0338 50       		.byte	80
 4003 0339 51       		.byte	81
 4004 033a 3C       		.byte	60
 4005 033b 00       		.byte	0
 4006 033c 00       		.byte	0
 4007 033d 00       		.byte	0
 4008 033e 00       		.byte	0
 4009 033f 00       		.byte	0
 4010 0340 00       		.byte	0
 4011 0341 00       		.byte	0
 4012 0342 00       		.byte	0
 4013 0343 00       		.byte	0
 4014 0344 00       		.byte	0
 4015 0345 00       		.byte	0
 4016 0346 00       		.byte	0
 4017 0347 00       		.byte	0
 4018 0348 00       		.byte	0
 4019 0349 00       		.byte	0
 4020 034a 00       		.byte	0
 4021 034b 00       		.byte	0
 4022 034c 00       		.byte	0
 4023 034d 00       		.byte	0
 4024 034e 00       		.byte	0
 4025 034f 00       		.byte	0
 4026 0350 00       		.byte	0
 4027 0351 00       		.byte	0
 4028 0352 00       		.byte	0
 4029 0353 00       		.byte	0
 4030 0354 00       		.byte	0
 4031 0355 00       		.byte	0
 4032 0356 00       		.byte	0
 4033 0357 00       		.byte	0
 4034 0358 00       		.byte	0
 4035 0359 00       		.byte	0
 4036 035a 00       		.byte	0
 4037 035b 00       		.byte	0
 4038 035c 00       		.byte	0
 4039 035d 00       		.byte	0
 4040 035e 00       		.byte	0
 4041 035f 00       		.byte	0
 4042 0360 00       		.byte	0
 4043 0361 06       		.byte	6
 4044 0362 09       		.byte	9
 4045 0363 09       		.byte	9
 4046 0364 06       		.byte	6
 4047 0365 00       		.byte	0
 4048 0366 0000     		.text
 4049              	.Letext0:
DEFINED SYMBOLS
                            *ABS*:00000000 fontlookup.cpp
     /tmp/cczjw9tn.s:3139   .text._ZL20__gthread_key_deletei:00000000 $t
     /tmp/cczjw9tn.s:3143   .text._ZL20__gthread_key_deletei:00000000 _ZL20__gthread_key_deletei
     /tmp/cczjw9tn.s:3177   .rodata._ZN24MonochromeDisplayPainter10FontLookupE:00000000 _ZN24MonochromeDisplayPainter10FontLookupE
     /tmp/cczjw9tn.s:3174   .rodata._ZN24MonochromeDisplayPainter10FontLookupE:00000000 $d
                     .debug_frame:00000010 $d

NO UNDEFINED SYMBOLS
