   1              		.syntax unified
   2              		.cpu cortex-m3
   3              		.fpu softvfp
   4              		.eabi_attribute 20, 1
   5              		.eabi_attribute 21, 1
   6              		.eabi_attribute 23, 3
   7              		.eabi_attribute 24, 1
   8              		.eabi_attribute 25, 1
   9              		.eabi_attribute 26, 1
  10              		.eabi_attribute 30, 6
  11              		.eabi_attribute 18, 4
  12              		.thumb
  13              		.file	"xfevent.cpp"
  23              	.Ltext0:
  24              		.file 1 "../xf/xfevent.cpp"
 1738              		.align	2
 1739              		.weak	_ZN8IXFEventC2ENS_10eEventTypeEiP11IXFReactive
 1740              		.thumb
 1741              		.thumb_func
 1743              	_ZN8IXFEventC2ENS_10eEventTypeEiP11IXFReactive:
 1744              	.LFB1:
   1:../xf/ixfevent.h **** #ifndef IXFEVENT_H
   2:../xf/ixfevent.h **** #define IXFEVENT_H
   3:../xf/ixfevent.h **** 
   4:../xf/ixfevent.h **** 
   5:../xf/ixfevent.h **** class IXFReactive;
   6:../xf/ixfevent.h **** 
   7:../xf/ixfevent.h **** 
   8:../xf/ixfevent.h **** /**
   9:../xf/ixfevent.h ****  * @ingroup xf
  10:../xf/ixfevent.h ****  * Interface for an event. The abstract methods defined in this interface
  11:../xf/ixfevent.h ****  * need to be reimplemented in its derived classes. These methods are
  12:../xf/ixfevent.h ****  * used by other classes in the framework (ex. XFThread, XFReactive).
  13:../xf/ixfevent.h ****  *
  14:../xf/ixfevent.h ****  * Requirements:
  15:../xf/ixfevent.h ****  * - Needs to hold a property which allows to distinguish between different
  16:../xf/ixfevent.h ****  *   types of events.
  17:../xf/ixfevent.h ****  * - Use an enumeration to define the type for the type property.
  18:../xf/ixfevent.h ****  * - The type property needs to be set at initialization time and cannot be
  19:../xf/ixfevent.h ****  *   changed afterwards.
  20:../xf/ixfevent.h ****  */
  21:../xf/ixfevent.h **** class IXFEvent
  22:../xf/ixfevent.h **** {
  23:../xf/ixfevent.h **** public:
  24:../xf/ixfevent.h **** 	/**
  25:../xf/ixfevent.h **** 	 * Defines the types of events
  26:../xf/ixfevent.h **** 	 */
  27:../xf/ixfevent.h **** 	typedef enum
  28:../xf/ixfevent.h **** 	{
  29:../xf/ixfevent.h **** 		Unknown			= 0,		///< Unknown state (not initialized)
  30:../xf/ixfevent.h **** 		Initial			= 1,		///< Initial pseudo-state
  31:../xf/ixfevent.h **** 		NullTransition	= 2,		///< Event generated by the state machine to define a null transition
  32:../xf/ixfevent.h **** 		Event			= 3,		///< Normal event
  33:../xf/ixfevent.h **** 		Timeout			= 4,		///< Defines a timeout event.
  34:../xf/ixfevent.h **** 		Terminate		= -1		///< Defines a terminate state. Will end the state machine.
  35:../xf/ixfevent.h **** 	} eEventType;
  36:../xf/ixfevent.h **** 
  37:../xf/ixfevent.h **** public :
  38:../xf/ixfevent.h **** 	/**
  39:../xf/ixfevent.h **** 	 * Default class constructor
  40:../xf/ixfevent.h **** 	 */
  41:../xf/ixfevent.h **** 	IXFEvent(eEventType eventType, int id, IXFReactive * pBehavior) : _eventType(eventType), _id(id), 
 1745              		.loc 5 41 0
 1746              		.cfi_startproc
 1747              		@ args = 0, pretend = 0, frame = 16
 1748              		@ frame_needed = 1, uses_anonymous_args = 0
 1749 0000 80B5     		push	{r7, lr}
 1750              	.LCFI0:
 1751              		.cfi_def_cfa_offset 8
 1752 0002 84B0     		sub	sp, sp, #16
 1753              	.LCFI1:
 1754              		.cfi_def_cfa_offset 24
 1755 0004 00AF     		add	r7, sp, #0
 1756              		.cfi_offset 14, -4
 1757              		.cfi_offset 7, -8
 1758              	.LCFI2:
 1759              		.cfi_def_cfa_register 7
 1760 0006 F860     		str	r0, [r7, #12]
 1761 0008 7A60     		str	r2, [r7, #4]
 1762 000a 3B60     		str	r3, [r7, #0]
 1763 000c 0B46     		mov	r3, r1
 1764 000e FB72     		strb	r3, [r7, #11]
 1765              	.LBB2:
 1766              		.loc 5 41 0
 1767 0010 FB68     		ldr	r3, [r7, #12]
 1768 0012 0E4A     		ldr	r2, .L3
 1769 0014 1A60     		str	r2, [r3, #0]
 1770 0016 FB68     		ldr	r3, [r7, #12]
 1771 0018 FA7A     		ldrb	r2, [r7, #11]
 1772 001a 1A71     		strb	r2, [r3, #4]
 1773 001c FB68     		ldr	r3, [r7, #12]
 1774 001e 7A68     		ldr	r2, [r7, #4]
 1775 0020 9A60     		str	r2, [r3, #8]
 1776 0022 FB68     		ldr	r3, [r7, #12]
 1777 0024 03F10C03 		add	r3, r3, #12
 1778 0028 1846     		mov	r0, r3
 1779 002a FFF7FEFF 		bl	_ZN8IXFEvent13_tEventStatusC1Ev
 1780 002e FB68     		ldr	r3, [r7, #12]
 1781 0030 3A68     		ldr	r2, [r7, #0]
 1782 0032 1A61     		str	r2, [r3, #16]
 1783 0034 FA68     		ldr	r2, [r7, #12]
 1784 0036 137B     		ldrb	r3, [r2, #12]
 1785 0038 43F00103 		orr	r3, r3, #1
 1786 003c 1373     		strb	r3, [r2, #12]
 1787              	.LBE2:
 1788 003e FB68     		ldr	r3, [r7, #12]
 1789 0040 1846     		mov	r0, r3
 1790 0042 07F11007 		add	r7, r7, #16
 1791 0046 BD46     		mov	sp, r7
 1792 0048 80BD     		pop	{r7, pc}
 1793              	.L4:
 1794 004a 00BF     		.align	2
 1795              	.L3:
 1796 004c 08000000 		.word	_ZTV8IXFEvent+8
 1797              		.cfi_endproc
 1798              	.LFE1:
 1800              		.weak	_ZN8IXFEventC1ENS_10eEventTypeEiP11IXFReactive
 1801              		.thumb_set _ZN8IXFEventC1ENS_10eEventTypeEiP11IXFReactive,_ZN8IXFEventC2ENS_10eEventTypeEiP11IXFRe
 1802              		.section	.text._ZN8IXFEventD2Ev,"axG",%progbits,_ZN8IXFEventD5Ev,comdat
 1803              		.align	2
 1804              		.weak	_ZN8IXFEventD2Ev
 1805              		.thumb
 1806              		.thumb_func
 1808              	_ZN8IXFEventD2Ev:
 1809              	.LFB4:
  42:../xf/ixfevent.h **** 	virtual ~IXFEvent() {}		///< Class destructor
 1810              		.loc 5 42 0
 1811              		.cfi_startproc
 1812              		@ args = 0, pretend = 0, frame = 8
 1813              		@ frame_needed = 1, uses_anonymous_args = 0
 1814 0000 80B5     		push	{r7, lr}
 1815              	.LCFI3:
 1816              		.cfi_def_cfa_offset 8
 1817 0002 82B0     		sub	sp, sp, #8
 1818              	.LCFI4:
 1819              		.cfi_def_cfa_offset 16
 1820 0004 00AF     		add	r7, sp, #0
 1821              		.cfi_offset 14, -4
 1822              		.cfi_offset 7, -8
 1823              	.LCFI5:
 1824              		.cfi_def_cfa_register 7
 1825 0006 7860     		str	r0, [r7, #4]
 1826              	.LBB3:
 1827              		.loc 5 42 0
 1828 0008 7B68     		ldr	r3, [r7, #4]
 1829 000a 094A     		ldr	r2, .L8
 1830 000c 1A60     		str	r2, [r3, #0]
 1831              	.LBE3:
 1832 000e 4FF00003 		mov	r3, #0
 1833 0012 03F00103 		and	r3, r3, #1
 1834 0016 DBB2     		uxtb	r3, r3
 1835 0018 002B     		cmp	r3, #0
 1836 001a 02D0     		beq	.L7
 1837              		.loc 5 42 0 is_stmt 0 discriminator 1
 1838 001c 7868     		ldr	r0, [r7, #4]
 1839 001e FFF7FEFF 		bl	_ZdlPv
 1840              	.L7:
 1841              		.loc 5 42 0 discriminator 2
 1842 0022 7B68     		ldr	r3, [r7, #4]
 1843 0024 1846     		mov	r0, r3
 1844 0026 07F10807 		add	r7, r7, #8
 1845 002a BD46     		mov	sp, r7
 1846 002c 80BD     		pop	{r7, pc}
 1847              	.L9:
 1848 002e 00BF     		.align	2
 1849              	.L8:
 1850 0030 08000000 		.word	_ZTV8IXFEvent+8
 1851              		.cfi_endproc
 1852              	.LFE4:
 1854              		.weak	_ZN8IXFEventD1Ev
 1855              		.thumb_set _ZN8IXFEventD1Ev,_ZN8IXFEventD2Ev
 1856              		.section	.text._ZN8IXFEventD0Ev,"axG",%progbits,_ZN8IXFEventD5Ev,comdat
 1857              		.align	2
 1858              		.weak	_ZN8IXFEventD0Ev
 1859              		.thumb
 1860              		.thumb_func
 1862              	_ZN8IXFEventD0Ev:
 1863              	.LFB6:
 1864              		.loc 5 42 0 is_stmt 1
 1865              		.cfi_startproc
 1866              		@ args = 0, pretend = 0, frame = 8
 1867              		@ frame_needed = 1, uses_anonymous_args = 0
 1868 0000 80B5     		push	{r7, lr}
 1869              	.LCFI6:
 1870              		.cfi_def_cfa_offset 8
 1871 0002 82B0     		sub	sp, sp, #8
 1872              	.LCFI7:
 1873              		.cfi_def_cfa_offset 16
 1874 0004 00AF     		add	r7, sp, #0
 1875              		.cfi_offset 14, -4
 1876              		.cfi_offset 7, -8
 1877              	.LCFI8:
 1878              		.cfi_def_cfa_register 7
 1879 0006 7860     		str	r0, [r7, #4]
 1880              		.loc 5 42 0
 1881 0008 7868     		ldr	r0, [r7, #4]
 1882 000a FFF7FEFF 		bl	_ZN8IXFEventD1Ev
 1883 000e 7868     		ldr	r0, [r7, #4]
 1884 0010 FFF7FEFF 		bl	_ZdlPv
 1885 0014 7B68     		ldr	r3, [r7, #4]
 1886 0016 1846     		mov	r0, r3
 1887 0018 07F10807 		add	r7, r7, #8
 1888 001c BD46     		mov	sp, r7
 1889 001e 80BD     		pop	{r7, pc}
 1890              		.cfi_endproc
 1891              	.LFE6:
 1893              		.section	.text._ZN8IXFEvent13_tEventStatusC2Ev,"axG",%progbits,_ZN8IXFEvent13_tEventStatusC5Ev,com
 1894              		.align	2
 1895              		.weak	_ZN8IXFEvent13_tEventStatusC2Ev
 1896              		.thumb
 1897              		.thumb_func
 1899              	_ZN8IXFEvent13_tEventStatusC2Ev:
 1900              	.LFB14:
  43:../xf/ixfevent.h **** 
  44:../xf/ixfevent.h **** 	/** \brief Returns the type of the event.
  45:../xf/ixfevent.h **** 	 *
  46:../xf/ixfevent.h **** 	 * Can be used to distinguish between an event or a timeout.
  47:../xf/ixfevent.h **** 	 */
  48:../xf/ixfevent.h **** 	inline eEventType getEventType() const { return _eventType; }
  49:../xf/ixfevent.h **** 
  50:../xf/ixfevent.h **** 	/** \brief Returns pointer to behavioral class.
  51:../xf/ixfevent.h **** 	 *
  52:../xf/ixfevent.h **** 	 * Returns a pointer to the behavioral class processing the event (see #_pBehavior).
  53:../xf/ixfevent.h **** 	 */
  54:../xf/ixfevent.h **** 	inline IXFReactive * getBehavior() const { return _pBehavior; }
  55:../xf/ixfevent.h **** 
  56:../xf/ixfevent.h **** 	/** \brief Sets pointer to behavioral class (see #_pBehavior).
  57:../xf/ixfevent.h **** 	 * Sets the behavior in which the event should be executed.
  58:../xf/ixfevent.h **** 	 */
  59:../xf/ixfevent.h **** 	inline void setBehavior(IXFReactive * pBehavior) { _pBehavior = pBehavior; }
  60:../xf/ixfevent.h **** 
  61:../xf/ixfevent.h **** 	inline int getId() const { return _id; }		///< Returns #_id identifying the event in the behaviors
  62:../xf/ixfevent.h **** 
  63:../xf/ixfevent.h **** 	/**
  64:../xf/ixfevent.h **** 	 * Marks the event as non-deletable. Used for static events.
  65:../xf/ixfevent.h **** 	 */
  66:../xf/ixfevent.h **** 	inline void setShouldDelete(bool bShouldDelete = true) { _eventStatus.shouldDelete = bShouldDelete
  67:../xf/ixfevent.h **** 
  68:../xf/ixfevent.h **** 	/** \brief Returns true in case the event should be deleted
  69:../xf/ixfevent.h **** 	 * Used by XFThread to check if the event should be delete after consume
  70:../xf/ixfevent.h **** 	 */
  71:../xf/ixfevent.h **** 	inline bool shouldDelete() const { return _eventStatus.shouldDelete; }
  72:../xf/ixfevent.h **** 
  73:../xf/ixfevent.h **** protected:
  74:../xf/ixfevent.h **** 	typedef struct _tEventStatus
  75:../xf/ixfevent.h **** 	{
  76:../xf/ixfevent.h **** 		unsigned char shouldDelete : 1;	///< True in case the event should be deleted after consume.
  77:../xf/ixfevent.h **** 
  78:../xf/ixfevent.h **** 		_tEventStatus()
 1901              		.loc 5 78 0
 1902              		.cfi_startproc
 1903              		@ args = 0, pretend = 0, frame = 8
 1904              		@ frame_needed = 1, uses_anonymous_args = 0
 1905              		@ link register save eliminated.
 1906 0000 80B4     		push	{r7}
 1907              	.LCFI9:
 1908              		.cfi_def_cfa_offset 4
 1909 0002 83B0     		sub	sp, sp, #12
 1910              	.LCFI10:
 1911              		.cfi_def_cfa_offset 16
 1912 0004 00AF     		add	r7, sp, #0
 1913              		.cfi_offset 7, -4
 1914              	.LCFI11:
 1915              		.cfi_def_cfa_register 7
 1916 0006 7860     		str	r0, [r7, #4]
 1917              	.LBB4:
  79:../xf/ixfevent.h **** 		{
  80:../xf/ixfevent.h **** 			shouldDelete = true;
 1918              		.loc 5 80 0
 1919 0008 7A68     		ldr	r2, [r7, #4]
 1920 000a 1378     		ldrb	r3, [r2, #0]
 1921 000c 43F00103 		orr	r3, r3, #1
 1922 0010 1370     		strb	r3, [r2, #0]
 1923              	.LBE4:
  81:../xf/ixfevent.h **** 		}
 1924              		.loc 5 81 0
 1925 0012 7B68     		ldr	r3, [r7, #4]
 1926 0014 1846     		mov	r0, r3
 1927 0016 07F10C07 		add	r7, r7, #12
 1928 001a BD46     		mov	sp, r7
 1929 001c 80BC     		pop	{r7}
 1930 001e 7047     		bx	lr
 1931              		.cfi_endproc
 1932              	.LFE14:
 1934              		.weak	_ZN8IXFEvent13_tEventStatusC1Ev
 1935              		.thumb_set _ZN8IXFEvent13_tEventStatusC1Ev,_ZN8IXFEvent13_tEventStatusC2Ev
 1936              		.section	.text._ZN7XFEventC2EiP11IXFReactive,"ax",%progbits
 1937              		.align	2
 1938              		.global	_ZN7XFEventC2EiP11IXFReactive
 1939              		.thumb
 1940              		.thumb_func
 1942              	_ZN7XFEventC2EiP11IXFReactive:
 1943              	.LFB721:
   1:../xf/xfevent.cpp **** #include "xfevent.h"
   2:../xf/xfevent.cpp **** 
   3:../xf/xfevent.cpp **** 
   4:../xf/xfevent.cpp **** /**
   5:../xf/xfevent.cpp ****  * Constructor for the class
   6:../xf/xfevent.cpp ****  *
   7:../xf/xfevent.cpp ****  * \param id Identifier uniquely identifying the event in the context of the behavior
   8:../xf/xfevent.cpp ****  * \param pBehavior The Behavior for which the event was constructed (will consume the event)
   9:../xf/xfevent.cpp ****  **/
  10:../xf/xfevent.cpp **** XFEvent::XFEvent(int id, IXFReactive * pBehavior)
 1944              		.loc 1 10 0
 1945              		.cfi_startproc
 1946              		@ args = 0, pretend = 0, frame = 16
 1947              		@ frame_needed = 1, uses_anonymous_args = 0
 1948 0000 80B5     		push	{r7, lr}
 1949              	.LCFI12:
 1950              		.cfi_def_cfa_offset 8
 1951 0002 84B0     		sub	sp, sp, #16
 1952              	.LCFI13:
 1953              		.cfi_def_cfa_offset 24
 1954 0004 00AF     		add	r7, sp, #0
 1955              		.cfi_offset 14, -4
 1956              		.cfi_offset 7, -8
 1957              	.LCFI14:
 1958              		.cfi_def_cfa_register 7
 1959 0006 F860     		str	r0, [r7, #12]
 1960 0008 B960     		str	r1, [r7, #8]
 1961 000a 7A60     		str	r2, [r7, #4]
 1962              	.LBB5:
  11:../xf/xfevent.cpp **** 	: IXFEvent(IXFEvent::Event, id, pBehavior)
 1963              		.loc 1 11 0
 1964 000c FB68     		ldr	r3, [r7, #12]
 1965 000e 1846     		mov	r0, r3
 1966 0010 4FF00301 		mov	r1, #3
 1967 0014 BA68     		ldr	r2, [r7, #8]
 1968 0016 7B68     		ldr	r3, [r7, #4]
 1969 0018 FFF7FEFF 		bl	_ZN8IXFEventC2ENS_10eEventTypeEiP11IXFReactive
 1970 001c FB68     		ldr	r3, [r7, #12]
 1971 001e 044A     		ldr	r2, .L16
 1972 0020 1A60     		str	r2, [r3, #0]
 1973              	.LBE5:
  12:../xf/xfevent.cpp **** {
  13:../xf/xfevent.cpp **** 
  14:../xf/xfevent.cpp **** }
 1974              		.loc 1 14 0
 1975 0022 FB68     		ldr	r3, [r7, #12]
 1976 0024 1846     		mov	r0, r3
 1977 0026 07F11007 		add	r7, r7, #16
 1978 002a BD46     		mov	sp, r7
 1979 002c 80BD     		pop	{r7, pc}
 1980              	.L17:
 1981 002e 00BF     		.align	2
 1982              	.L16:
 1983 0030 08000000 		.word	_ZTV7XFEvent+8
 1984              		.cfi_endproc
 1985              	.LFE721:
 1987              		.global	_ZN7XFEventC1EiP11IXFReactive
 1988              		.thumb_set _ZN7XFEventC1EiP11IXFReactive,_ZN7XFEventC2EiP11IXFReactive
 1989              		.section	.text._ZN7XFEventD2Ev,"ax",%progbits
 1990              		.align	2
 1991              		.global	_ZN7XFEventD2Ev
 1992              		.thumb
 1993              		.thumb_func
 1995              	_ZN7XFEventD2Ev:
 1996              	.LFB724:
  15:../xf/xfevent.cpp **** 
  16:../xf/xfevent.cpp **** XFEvent::~XFEvent()
 1997              		.loc 1 16 0
 1998              		.cfi_startproc
 1999              		@ args = 0, pretend = 0, frame = 8
 2000              		@ frame_needed = 1, uses_anonymous_args = 0
 2001 0000 80B5     		push	{r7, lr}
 2002              	.LCFI15:
 2003              		.cfi_def_cfa_offset 8
 2004 0002 82B0     		sub	sp, sp, #8
 2005              	.LCFI16:
 2006              		.cfi_def_cfa_offset 16
 2007 0004 00AF     		add	r7, sp, #0
 2008              		.cfi_offset 14, -4
 2009              		.cfi_offset 7, -8
 2010              	.LCFI17:
 2011              		.cfi_def_cfa_register 7
 2012 0006 7860     		str	r0, [r7, #4]
 2013              	.LBB6:
 2014              		.loc 1 16 0
 2015 0008 7B68     		ldr	r3, [r7, #4]
 2016 000a 0B4A     		ldr	r2, .L21
 2017 000c 1A60     		str	r2, [r3, #0]
 2018 000e 7B68     		ldr	r3, [r7, #4]
  17:../xf/xfevent.cpp **** {
  18:../xf/xfevent.cpp **** 
  19:../xf/xfevent.cpp **** }
 2019              		.loc 1 19 0
 2020 0010 1846     		mov	r0, r3
 2021 0012 FFF7FEFF 		bl	_ZN8IXFEventD2Ev
 2022              	.LBE6:
 2023 0016 4FF00003 		mov	r3, #0
 2024 001a 03F00103 		and	r3, r3, #1
 2025 001e DBB2     		uxtb	r3, r3
 2026 0020 002B     		cmp	r3, #0
 2027 0022 02D0     		beq	.L20
 2028              		.loc 1 19 0 is_stmt 0 discriminator 2
 2029 0024 7868     		ldr	r0, [r7, #4]
 2030 0026 FFF7FEFF 		bl	_ZdlPv
 2031              	.L20:
 2032              		.loc 1 19 0 discriminator 3
 2033 002a 7B68     		ldr	r3, [r7, #4]
 2034 002c 1846     		mov	r0, r3
 2035 002e 07F10807 		add	r7, r7, #8
 2036 0032 BD46     		mov	sp, r7
 2037 0034 80BD     		pop	{r7, pc}
 2038              	.L22:
 2039 0036 00BF     		.align	2
 2040              	.L21:
 2041 0038 08000000 		.word	_ZTV7XFEvent+8
 2042              		.cfi_endproc
 2043              	.LFE724:
 2045              		.global	_ZN7XFEventD1Ev
 2046              		.thumb_set _ZN7XFEventD1Ev,_ZN7XFEventD2Ev
 2047              		.section	.text._ZN7XFEventD0Ev,"ax",%progbits
 2048              		.align	2
 2049              		.global	_ZN7XFEventD0Ev
 2050              		.thumb
 2051              		.thumb_func
 2053              	_ZN7XFEventD0Ev:
 2054              	.LFB726:
  16:../xf/xfevent.cpp **** XFEvent::~XFEvent()
 2055              		.loc 1 16 0 is_stmt 1
 2056              		.cfi_startproc
 2057              		@ args = 0, pretend = 0, frame = 8
 2058              		@ frame_needed = 1, uses_anonymous_args = 0
 2059 0000 80B5     		push	{r7, lr}
 2060              	.LCFI18:
 2061              		.cfi_def_cfa_offset 8
 2062 0002 82B0     		sub	sp, sp, #8
 2063              	.LCFI19:
 2064              		.cfi_def_cfa_offset 16
 2065 0004 00AF     		add	r7, sp, #0
 2066              		.cfi_offset 14, -4
 2067              		.cfi_offset 7, -8
 2068              	.LCFI20:
 2069              		.cfi_def_cfa_register 7
 2070 0006 7860     		str	r0, [r7, #4]
 2071              		.loc 1 19 0
 2072 0008 7868     		ldr	r0, [r7, #4]
 2073 000a FFF7FEFF 		bl	_ZN7XFEventD1Ev
 2074 000e 7868     		ldr	r0, [r7, #4]
 2075 0010 FFF7FEFF 		bl	_ZdlPv
 2076 0014 7B68     		ldr	r3, [r7, #4]
 2077 0016 1846     		mov	r0, r3
 2078 0018 07F10807 		add	r7, r7, #8
 2079 001c BD46     		mov	sp, r7
 2080 001e 80BD     		pop	{r7, pc}
 2081              		.cfi_endproc
 2082              	.LFE726:
 2084              		.global	_ZTV7XFEvent
 2085              		.section	.rodata._ZTV7XFEvent,"a",%progbits
 2086              		.align	3
 2089              	_ZTV7XFEvent:
 2090 0000 00000000 		.word	0
 2091 0004 00000000 		.word	0
 2092 0008 00000000 		.word	_ZN7XFEventD1Ev
 2093 000c 00000000 		.word	_ZN7XFEventD0Ev
 2094              		.weak	_ZTV8IXFEvent
 2095              		.section	.rodata._ZTV8IXFEvent,"aG",%progbits,_ZTV8IXFEvent,comdat
 2096              		.align	3
 2099              	_ZTV8IXFEvent:
 2100 0000 00000000 		.word	0
 2101 0004 00000000 		.word	0
 2102 0008 00000000 		.word	_ZN8IXFEventD1Ev
 2103 000c 00000000 		.word	_ZN8IXFEventD0Ev
 2104              		.text
 2105              	.Letext0:
DEFINED SYMBOLS
                            *ABS*:00000000 xfevent.cpp
     /tmp/cc3pWcQG.s:1738   .text._ZN8IXFEventC2ENS_10eEventTypeEiP11IXFReactive:00000000 $t
     /tmp/cc3pWcQG.s:1743   .text._ZN8IXFEventC2ENS_10eEventTypeEiP11IXFReactive:00000000 _ZN8IXFEventC2ENS_10eEventTypeEiP11IXFReactive
     /tmp/cc3pWcQG.s:1899   .text._ZN8IXFEvent13_tEventStatusC2Ev:00000000 _ZN8IXFEvent13_tEventStatusC1Ev
     /tmp/cc3pWcQG.s:1796   .text._ZN8IXFEventC2ENS_10eEventTypeEiP11IXFReactive:0000004c $d
     /tmp/cc3pWcQG.s:2099   .rodata._ZTV8IXFEvent:00000000 _ZTV8IXFEvent
     /tmp/cc3pWcQG.s:1743   .text._ZN8IXFEventC2ENS_10eEventTypeEiP11IXFReactive:00000000 _ZN8IXFEventC1ENS_10eEventTypeEiP11IXFReactive
     /tmp/cc3pWcQG.s:1803   .text._ZN8IXFEventD2Ev:00000000 $t
     /tmp/cc3pWcQG.s:1808   .text._ZN8IXFEventD2Ev:00000000 _ZN8IXFEventD2Ev
     /tmp/cc3pWcQG.s:1850   .text._ZN8IXFEventD2Ev:00000030 $d
     /tmp/cc3pWcQG.s:1808   .text._ZN8IXFEventD2Ev:00000000 _ZN8IXFEventD1Ev
     /tmp/cc3pWcQG.s:1857   .text._ZN8IXFEventD0Ev:00000000 $t
     /tmp/cc3pWcQG.s:1862   .text._ZN8IXFEventD0Ev:00000000 _ZN8IXFEventD0Ev
     /tmp/cc3pWcQG.s:1894   .text._ZN8IXFEvent13_tEventStatusC2Ev:00000000 $t
     /tmp/cc3pWcQG.s:1899   .text._ZN8IXFEvent13_tEventStatusC2Ev:00000000 _ZN8IXFEvent13_tEventStatusC2Ev
     /tmp/cc3pWcQG.s:1937   .text._ZN7XFEventC2EiP11IXFReactive:00000000 $t
     /tmp/cc3pWcQG.s:1942   .text._ZN7XFEventC2EiP11IXFReactive:00000000 _ZN7XFEventC2EiP11IXFReactive
     /tmp/cc3pWcQG.s:1983   .text._ZN7XFEventC2EiP11IXFReactive:00000030 $d
     /tmp/cc3pWcQG.s:2089   .rodata._ZTV7XFEvent:00000000 _ZTV7XFEvent
     /tmp/cc3pWcQG.s:1942   .text._ZN7XFEventC2EiP11IXFReactive:00000000 _ZN7XFEventC1EiP11IXFReactive
     /tmp/cc3pWcQG.s:1990   .text._ZN7XFEventD2Ev:00000000 $t
     /tmp/cc3pWcQG.s:1995   .text._ZN7XFEventD2Ev:00000000 _ZN7XFEventD2Ev
     /tmp/cc3pWcQG.s:2041   .text._ZN7XFEventD2Ev:00000038 $d
     /tmp/cc3pWcQG.s:1995   .text._ZN7XFEventD2Ev:00000000 _ZN7XFEventD1Ev
     /tmp/cc3pWcQG.s:2048   .text._ZN7XFEventD0Ev:00000000 $t
     /tmp/cc3pWcQG.s:2053   .text._ZN7XFEventD0Ev:00000000 _ZN7XFEventD0Ev
     /tmp/cc3pWcQG.s:2086   .rodata._ZTV7XFEvent:00000000 $d
     /tmp/cc3pWcQG.s:2096   .rodata._ZTV8IXFEvent:00000000 $d
                     .debug_frame:00000010 $d
                           .group:00000000 _ZN8IXFEventC5ENS_10eEventTypeEiP11IXFReactive
                           .group:00000000 _ZN8IXFEventD5Ev
                           .group:00000000 _ZN8IXFEvent13_tEventStatusC5Ev

UNDEFINED SYMBOLS
_ZdlPv
