   1              		.syntax unified
   2              		.cpu cortex-m3
   3              		.fpu softvfp
   4              		.eabi_attribute 20, 1
   5              		.eabi_attribute 21, 1
   6              		.eabi_attribute 23, 3
   7              		.eabi_attribute 24, 1
   8              		.eabi_attribute 25, 1
   9              		.eabi_attribute 26, 1
  10              		.eabi_attribute 30, 6
  11              		.eabi_attribute 18, 4
  12              		.thumb
  13              		.file	"xftimeout.cpp"
  23              	.Ltext0:
  24              		.file 1 "../xf/xftimeout.cpp"
 666              		.align	2
 667              		.weak	_ZN8IXFEventC2ENS_10eEventTypeEiP11IXFReactive
 668              		.thumb
 669              		.thumb_func
 671              	_ZN8IXFEventC2ENS_10eEventTypeEiP11IXFReactive:
 672              	.LFB1:
   1:../xf/ixfevent.h **** #ifndef IXFEVENT_H
   2:../xf/ixfevent.h **** #define IXFEVENT_H
   3:../xf/ixfevent.h **** 
   4:../xf/ixfevent.h **** 
   5:../xf/ixfevent.h **** class IXFReactive;
   6:../xf/ixfevent.h **** 
   7:../xf/ixfevent.h **** 
   8:../xf/ixfevent.h **** /**
   9:../xf/ixfevent.h ****  * @ingroup xf
  10:../xf/ixfevent.h ****  * Interface for an event. The abstract methods defined in this interface
  11:../xf/ixfevent.h ****  * need to be reimplemented in its derived classes. These methods are
  12:../xf/ixfevent.h ****  * used by other classes in the framework (ex. XFThread, XFReactive).
  13:../xf/ixfevent.h ****  *
  14:../xf/ixfevent.h ****  * Requirements:
  15:../xf/ixfevent.h ****  * - Needs to hold a property which allows to distinguish between different
  16:../xf/ixfevent.h ****  *   types of events.
  17:../xf/ixfevent.h ****  * - Use an enumeration to define the type for the type property.
  18:../xf/ixfevent.h ****  * - The type property needs to be set at initialization time and cannot be
  19:../xf/ixfevent.h ****  *   changed afterwards.
  20:../xf/ixfevent.h ****  */
  21:../xf/ixfevent.h **** class IXFEvent
  22:../xf/ixfevent.h **** {
  23:../xf/ixfevent.h **** public:
  24:../xf/ixfevent.h **** 	/**
  25:../xf/ixfevent.h **** 	 * Defines the types of events
  26:../xf/ixfevent.h **** 	 */
  27:../xf/ixfevent.h **** 	typedef enum
  28:../xf/ixfevent.h **** 	{
  29:../xf/ixfevent.h **** 		Unknown			= 0,		///< Unknown state (not initialized)
  30:../xf/ixfevent.h **** 		Initial			= 1,		///< Initial pseudo-state
  31:../xf/ixfevent.h **** 		NullTransition	= 2,		///< Event generated by the state machine to define a null transition
  32:../xf/ixfevent.h **** 		Event			= 3,		///< Normal event
  33:../xf/ixfevent.h **** 		Timeout			= 4,		///< Defines a timeout event.
  34:../xf/ixfevent.h **** 		Terminate		= -1		///< Defines a terminate state. Will end the state machine.
  35:../xf/ixfevent.h **** 	} eEventType;
  36:../xf/ixfevent.h **** 
  37:../xf/ixfevent.h **** public :
  38:../xf/ixfevent.h **** 	/**
  39:../xf/ixfevent.h **** 	 * Default class constructor
  40:../xf/ixfevent.h **** 	 */
  41:../xf/ixfevent.h **** 	IXFEvent(eEventType eventType, int id, IXFReactive * pBehavior) : _eventType(eventType), _id(id), 
 673              		.loc 3 41 0
 674              		.cfi_startproc
 675              		@ args = 0, pretend = 0, frame = 16
 676              		@ frame_needed = 1, uses_anonymous_args = 0
 677 0000 80B5     		push	{r7, lr}
 678              	.LCFI0:
 679              		.cfi_def_cfa_offset 8
 680 0002 84B0     		sub	sp, sp, #16
 681              	.LCFI1:
 682              		.cfi_def_cfa_offset 24
 683 0004 00AF     		add	r7, sp, #0
 684              		.cfi_offset 14, -4
 685              		.cfi_offset 7, -8
 686              	.LCFI2:
 687              		.cfi_def_cfa_register 7
 688 0006 F860     		str	r0, [r7, #12]
 689 0008 7A60     		str	r2, [r7, #4]
 690 000a 3B60     		str	r3, [r7, #0]
 691 000c 0B46     		mov	r3, r1
 692 000e FB72     		strb	r3, [r7, #11]
 693              	.LBB2:
 694              		.loc 3 41 0
 695 0010 FB68     		ldr	r3, [r7, #12]
 696 0012 0E4A     		ldr	r2, .L3
 697 0014 1A60     		str	r2, [r3, #0]
 698 0016 FB68     		ldr	r3, [r7, #12]
 699 0018 FA7A     		ldrb	r2, [r7, #11]
 700 001a 1A71     		strb	r2, [r3, #4]
 701 001c FB68     		ldr	r3, [r7, #12]
 702 001e 7A68     		ldr	r2, [r7, #4]
 703 0020 9A60     		str	r2, [r3, #8]
 704 0022 FB68     		ldr	r3, [r7, #12]
 705 0024 03F10C03 		add	r3, r3, #12
 706 0028 1846     		mov	r0, r3
 707 002a FFF7FEFF 		bl	_ZN8IXFEvent13_tEventStatusC1Ev
 708 002e FB68     		ldr	r3, [r7, #12]
 709 0030 3A68     		ldr	r2, [r7, #0]
 710 0032 1A61     		str	r2, [r3, #16]
 711 0034 FA68     		ldr	r2, [r7, #12]
 712 0036 137B     		ldrb	r3, [r2, #12]
 713 0038 43F00103 		orr	r3, r3, #1
 714 003c 1373     		strb	r3, [r2, #12]
 715              	.LBE2:
 716 003e FB68     		ldr	r3, [r7, #12]
 717 0040 1846     		mov	r0, r3
 718 0042 07F11007 		add	r7, r7, #16
 719 0046 BD46     		mov	sp, r7
 720 0048 80BD     		pop	{r7, pc}
 721              	.L4:
 722 004a 00BF     		.align	2
 723              	.L3:
 724 004c 08000000 		.word	_ZTV8IXFEvent+8
 725              		.cfi_endproc
 726              	.LFE1:
 728              		.weak	_ZN8IXFEventC1ENS_10eEventTypeEiP11IXFReactive
 729              		.thumb_set _ZN8IXFEventC1ENS_10eEventTypeEiP11IXFReactive,_ZN8IXFEventC2ENS_10eEventTypeEiP11IXFRe
 730              		.section	.text._ZN8IXFEventD2Ev,"axG",%progbits,_ZN8IXFEventD5Ev,comdat
 731              		.align	2
 732              		.weak	_ZN8IXFEventD2Ev
 733              		.thumb
 734              		.thumb_func
 736              	_ZN8IXFEventD2Ev:
 737              	.LFB4:
  42:../xf/ixfevent.h **** 	virtual ~IXFEvent() {}		///< Class destructor
 738              		.loc 3 42 0
 739              		.cfi_startproc
 740              		@ args = 0, pretend = 0, frame = 8
 741              		@ frame_needed = 1, uses_anonymous_args = 0
 742 0000 80B5     		push	{r7, lr}
 743              	.LCFI3:
 744              		.cfi_def_cfa_offset 8
 745 0002 82B0     		sub	sp, sp, #8
 746              	.LCFI4:
 747              		.cfi_def_cfa_offset 16
 748 0004 00AF     		add	r7, sp, #0
 749              		.cfi_offset 14, -4
 750              		.cfi_offset 7, -8
 751              	.LCFI5:
 752              		.cfi_def_cfa_register 7
 753 0006 7860     		str	r0, [r7, #4]
 754              	.LBB3:
 755              		.loc 3 42 0
 756 0008 7B68     		ldr	r3, [r7, #4]
 757 000a 094A     		ldr	r2, .L8
 758 000c 1A60     		str	r2, [r3, #0]
 759              	.LBE3:
 760 000e 4FF00003 		mov	r3, #0
 761 0012 03F00103 		and	r3, r3, #1
 762 0016 DBB2     		uxtb	r3, r3
 763 0018 002B     		cmp	r3, #0
 764 001a 02D0     		beq	.L7
 765              		.loc 3 42 0 is_stmt 0 discriminator 1
 766 001c 7868     		ldr	r0, [r7, #4]
 767 001e FFF7FEFF 		bl	_ZdlPv
 768              	.L7:
 769              		.loc 3 42 0 discriminator 2
 770 0022 7B68     		ldr	r3, [r7, #4]
 771 0024 1846     		mov	r0, r3
 772 0026 07F10807 		add	r7, r7, #8
 773 002a BD46     		mov	sp, r7
 774 002c 80BD     		pop	{r7, pc}
 775              	.L9:
 776 002e 00BF     		.align	2
 777              	.L8:
 778 0030 08000000 		.word	_ZTV8IXFEvent+8
 779              		.cfi_endproc
 780              	.LFE4:
 782              		.weak	_ZN8IXFEventD1Ev
 783              		.thumb_set _ZN8IXFEventD1Ev,_ZN8IXFEventD2Ev
 784              		.section	.text._ZN8IXFEventD0Ev,"axG",%progbits,_ZN8IXFEventD5Ev,comdat
 785              		.align	2
 786              		.weak	_ZN8IXFEventD0Ev
 787              		.thumb
 788              		.thumb_func
 790              	_ZN8IXFEventD0Ev:
 791              	.LFB6:
 792              		.loc 3 42 0 is_stmt 1
 793              		.cfi_startproc
 794              		@ args = 0, pretend = 0, frame = 8
 795              		@ frame_needed = 1, uses_anonymous_args = 0
 796 0000 80B5     		push	{r7, lr}
 797              	.LCFI6:
 798              		.cfi_def_cfa_offset 8
 799 0002 82B0     		sub	sp, sp, #8
 800              	.LCFI7:
 801              		.cfi_def_cfa_offset 16
 802 0004 00AF     		add	r7, sp, #0
 803              		.cfi_offset 14, -4
 804              		.cfi_offset 7, -8
 805              	.LCFI8:
 806              		.cfi_def_cfa_register 7
 807 0006 7860     		str	r0, [r7, #4]
 808              		.loc 3 42 0
 809 0008 7868     		ldr	r0, [r7, #4]
 810 000a FFF7FEFF 		bl	_ZN8IXFEventD1Ev
 811 000e 7868     		ldr	r0, [r7, #4]
 812 0010 FFF7FEFF 		bl	_ZdlPv
 813 0014 7B68     		ldr	r3, [r7, #4]
 814 0016 1846     		mov	r0, r3
 815 0018 07F10807 		add	r7, r7, #8
 816 001c BD46     		mov	sp, r7
 817 001e 80BD     		pop	{r7, pc}
 818              		.cfi_endproc
 819              	.LFE6:
 821              		.section	.text._ZNK8IXFEvent5getIdEv,"axG",%progbits,_ZNK8IXFEvent5getIdEv,comdat
 822              		.align	2
 823              		.weak	_ZNK8IXFEvent5getIdEv
 824              		.thumb
 825              		.thumb_func
 827              	_ZNK8IXFEvent5getIdEv:
 828              	.LFB10:
  43:../xf/ixfevent.h **** 
  44:../xf/ixfevent.h **** 	/** \brief Returns the type of the event.
  45:../xf/ixfevent.h **** 	 *
  46:../xf/ixfevent.h **** 	 * Can be used to distinguish between an event or a timeout.
  47:../xf/ixfevent.h **** 	 */
  48:../xf/ixfevent.h **** 	inline eEventType getEventType() const { return _eventType; }
  49:../xf/ixfevent.h **** 
  50:../xf/ixfevent.h **** 	/** \brief Returns pointer to behavioral class.
  51:../xf/ixfevent.h **** 	 *
  52:../xf/ixfevent.h **** 	 * Returns a pointer to the behavioral class processing the event (see #_pBehavior).
  53:../xf/ixfevent.h **** 	 */
  54:../xf/ixfevent.h **** 	inline IXFReactive * getBehavior() const { return _pBehavior; }
  55:../xf/ixfevent.h **** 
  56:../xf/ixfevent.h **** 	/** \brief Sets pointer to behavioral class (see #_pBehavior).
  57:../xf/ixfevent.h **** 	 * Sets the behavior in which the event should be executed.
  58:../xf/ixfevent.h **** 	 */
  59:../xf/ixfevent.h **** 	inline void setBehavior(IXFReactive * pBehavior) { _pBehavior = pBehavior; }
  60:../xf/ixfevent.h **** 
  61:../xf/ixfevent.h **** 	inline int getId() const { return _id; }		///< Returns #_id identifying the event in the behaviors
 829              		.loc 3 61 0
 830              		.cfi_startproc
 831              		@ args = 0, pretend = 0, frame = 8
 832              		@ frame_needed = 1, uses_anonymous_args = 0
 833              		@ link register save eliminated.
 834 0000 80B4     		push	{r7}
 835              	.LCFI9:
 836              		.cfi_def_cfa_offset 4
 837 0002 83B0     		sub	sp, sp, #12
 838              	.LCFI10:
 839              		.cfi_def_cfa_offset 16
 840 0004 00AF     		add	r7, sp, #0
 841              		.cfi_offset 7, -4
 842              	.LCFI11:
 843              		.cfi_def_cfa_register 7
 844 0006 7860     		str	r0, [r7, #4]
 845              		.loc 3 61 0
 846 0008 7B68     		ldr	r3, [r7, #4]
 847 000a 9B68     		ldr	r3, [r3, #8]
 848 000c 1846     		mov	r0, r3
 849 000e 07F10C07 		add	r7, r7, #12
 850 0012 BD46     		mov	sp, r7
 851 0014 80BC     		pop	{r7}
 852 0016 7047     		bx	lr
 853              		.cfi_endproc
 854              	.LFE10:
 856              		.section	.text._ZN8IXFEvent13_tEventStatusC2Ev,"axG",%progbits,_ZN8IXFEvent13_tEventStatusC5Ev,com
 857              		.align	2
 858              		.weak	_ZN8IXFEvent13_tEventStatusC2Ev
 859              		.thumb
 860              		.thumb_func
 862              	_ZN8IXFEvent13_tEventStatusC2Ev:
 863              	.LFB14:
  62:../xf/ixfevent.h **** 
  63:../xf/ixfevent.h **** 	/**
  64:../xf/ixfevent.h **** 	 * Marks the event as non-deletable. Used for static events.
  65:../xf/ixfevent.h **** 	 */
  66:../xf/ixfevent.h **** 	inline void setShouldDelete(bool bShouldDelete = true) { _eventStatus.shouldDelete = bShouldDelete
  67:../xf/ixfevent.h **** 
  68:../xf/ixfevent.h **** 	/** \brief Returns true in case the event should be deleted
  69:../xf/ixfevent.h **** 	 * Used by XFThread to check if the event should be delete after consume
  70:../xf/ixfevent.h **** 	 */
  71:../xf/ixfevent.h **** 	inline bool shouldDelete() const { return _eventStatus.shouldDelete; }
  72:../xf/ixfevent.h **** 
  73:../xf/ixfevent.h **** protected:
  74:../xf/ixfevent.h **** 	typedef struct _tEventStatus
  75:../xf/ixfevent.h **** 	{
  76:../xf/ixfevent.h **** 		unsigned char shouldDelete : 1;	///< True in case the event should be deleted after consume.
  77:../xf/ixfevent.h **** 
  78:../xf/ixfevent.h **** 		_tEventStatus()
 864              		.loc 3 78 0
 865              		.cfi_startproc
 866              		@ args = 0, pretend = 0, frame = 8
 867              		@ frame_needed = 1, uses_anonymous_args = 0
 868              		@ link register save eliminated.
 869 0000 80B4     		push	{r7}
 870              	.LCFI12:
 871              		.cfi_def_cfa_offset 4
 872 0002 83B0     		sub	sp, sp, #12
 873              	.LCFI13:
 874              		.cfi_def_cfa_offset 16
 875 0004 00AF     		add	r7, sp, #0
 876              		.cfi_offset 7, -4
 877              	.LCFI14:
 878              		.cfi_def_cfa_register 7
 879 0006 7860     		str	r0, [r7, #4]
 880              	.LBB4:
  79:../xf/ixfevent.h **** 		{
  80:../xf/ixfevent.h **** 			shouldDelete = true;
 881              		.loc 3 80 0
 882 0008 7A68     		ldr	r2, [r7, #4]
 883 000a 1378     		ldrb	r3, [r2, #0]
 884 000c 43F00103 		orr	r3, r3, #1
 885 0010 1370     		strb	r3, [r2, #0]
 886              	.LBE4:
  81:../xf/ixfevent.h **** 		}
 887              		.loc 3 81 0
 888 0012 7B68     		ldr	r3, [r7, #4]
 889 0014 1846     		mov	r0, r3
 890 0016 07F10C07 		add	r7, r7, #12
 891 001a BD46     		mov	sp, r7
 892 001c 80BC     		pop	{r7}
 893 001e 7047     		bx	lr
 894              		.cfi_endproc
 895              	.LFE14:
 897              		.weak	_ZN8IXFEvent13_tEventStatusC1Ev
 898              		.thumb_set _ZN8IXFEvent13_tEventStatusC1Ev,_ZN8IXFEvent13_tEventStatusC2Ev
 899              		.section	.text._ZN9XFTimeoutC2EiiP11IXFReactive,"ax",%progbits
 900              		.align	2
 901              		.global	_ZN9XFTimeoutC2EiiP11IXFReactive
 902              		.thumb
 903              		.thumb_func
 905              	_ZN9XFTimeoutC2EiiP11IXFReactive:
 906              	.LFB17:
   1:../xf/xftimeout.cpp **** #include "xftimeout.h"
   2:../xf/xftimeout.cpp **** 
   3:../xf/xftimeout.cpp **** 
   4:../xf/xftimeout.cpp **** /**
   5:../xf/xftimeout.cpp ****  * Constructor of the class.
   6:../xf/xftimeout.cpp ****  * \param id The id given by the behavioral class to uniquely identifing the timeout
   7:../xf/xftimeout.cpp ****  * \param interval The interval in milliseconds the timeout expires
   8:../xf/xftimeout.cpp ****  * \param pBehavior Pointer to behavioral class to which the timeout belongs.
   9:../xf/xftimeout.cpp ****  */
  10:../xf/xftimeout.cpp **** XFTimeout::XFTimeout(int id, int interval, IXFReactive * pBehavior)
 907              		.loc 1 10 0
 908              		.cfi_startproc
 909              		@ args = 0, pretend = 0, frame = 16
 910              		@ frame_needed = 1, uses_anonymous_args = 0
 911 0000 80B5     		push	{r7, lr}
 912              	.LCFI15:
 913              		.cfi_def_cfa_offset 8
 914 0002 84B0     		sub	sp, sp, #16
 915              	.LCFI16:
 916              		.cfi_def_cfa_offset 24
 917 0004 00AF     		add	r7, sp, #0
 918              		.cfi_offset 14, -4
 919              		.cfi_offset 7, -8
 920              	.LCFI17:
 921              		.cfi_def_cfa_register 7
 922 0006 F860     		str	r0, [r7, #12]
 923 0008 B960     		str	r1, [r7, #8]
 924 000a 7A60     		str	r2, [r7, #4]
 925 000c 3B60     		str	r3, [r7, #0]
 926              	.LBB5:
  11:../xf/xftimeout.cpp ****  : IXFEvent(IXFEvent::Timeout, id, pBehavior),
  12:../xf/xftimeout.cpp ****    _interval(interval),
  13:../xf/xftimeout.cpp ****    _relTicks(interval)
 927              		.loc 1 13 0
 928 000e FB68     		ldr	r3, [r7, #12]
 929 0010 1846     		mov	r0, r3
 930 0012 4FF00401 		mov	r1, #4
 931 0016 BA68     		ldr	r2, [r7, #8]
 932 0018 3B68     		ldr	r3, [r7, #0]
 933 001a FFF7FEFF 		bl	_ZN8IXFEventC2ENS_10eEventTypeEiP11IXFReactive
 934 001e FB68     		ldr	r3, [r7, #12]
 935 0020 064A     		ldr	r2, .L17
 936 0022 1A60     		str	r2, [r3, #0]
 937 0024 FB68     		ldr	r3, [r7, #12]
 938 0026 7A68     		ldr	r2, [r7, #4]
 939 0028 5A61     		str	r2, [r3, #20]
 940 002a FB68     		ldr	r3, [r7, #12]
 941 002c 7A68     		ldr	r2, [r7, #4]
 942 002e 9A61     		str	r2, [r3, #24]
 943              	.LBE5:
  14:../xf/xftimeout.cpp **** {
  15:../xf/xftimeout.cpp **** }
 944              		.loc 1 15 0
 945 0030 FB68     		ldr	r3, [r7, #12]
 946 0032 1846     		mov	r0, r3
 947 0034 07F11007 		add	r7, r7, #16
 948 0038 BD46     		mov	sp, r7
 949 003a 80BD     		pop	{r7, pc}
 950              	.L18:
 951              		.align	2
 952              	.L17:
 953 003c 08000000 		.word	_ZTV9XFTimeout+8
 954              		.cfi_endproc
 955              	.LFE17:
 957              		.global	_ZN9XFTimeoutC1EiiP11IXFReactive
 958              		.thumb_set _ZN9XFTimeoutC1EiiP11IXFReactive,_ZN9XFTimeoutC2EiiP11IXFReactive
 959              		.section	.text._ZN9XFTimeoutD2Ev,"ax",%progbits
 960              		.align	2
 961              		.global	_ZN9XFTimeoutD2Ev
 962              		.thumb
 963              		.thumb_func
 965              	_ZN9XFTimeoutD2Ev:
 966              	.LFB20:
  16:../xf/xftimeout.cpp **** 
  17:../xf/xftimeout.cpp **** XFTimeout::~XFTimeout()
 967              		.loc 1 17 0
 968              		.cfi_startproc
 969              		@ args = 0, pretend = 0, frame = 8
 970              		@ frame_needed = 1, uses_anonymous_args = 0
 971 0000 80B5     		push	{r7, lr}
 972              	.LCFI18:
 973              		.cfi_def_cfa_offset 8
 974 0002 82B0     		sub	sp, sp, #8
 975              	.LCFI19:
 976              		.cfi_def_cfa_offset 16
 977 0004 00AF     		add	r7, sp, #0
 978              		.cfi_offset 14, -4
 979              		.cfi_offset 7, -8
 980              	.LCFI20:
 981              		.cfi_def_cfa_register 7
 982 0006 7860     		str	r0, [r7, #4]
 983              	.LBB6:
 984              		.loc 1 17 0
 985 0008 7B68     		ldr	r3, [r7, #4]
 986 000a 0B4A     		ldr	r2, .L22
 987 000c 1A60     		str	r2, [r3, #0]
 988 000e 7B68     		ldr	r3, [r7, #4]
  18:../xf/xftimeout.cpp **** {
  19:../xf/xftimeout.cpp **** 
  20:../xf/xftimeout.cpp **** }
 989              		.loc 1 20 0
 990 0010 1846     		mov	r0, r3
 991 0012 FFF7FEFF 		bl	_ZN8IXFEventD2Ev
 992              	.LBE6:
 993 0016 4FF00003 		mov	r3, #0
 994 001a 03F00103 		and	r3, r3, #1
 995 001e DBB2     		uxtb	r3, r3
 996 0020 002B     		cmp	r3, #0
 997 0022 02D0     		beq	.L21
 998              		.loc 1 20 0 is_stmt 0 discriminator 2
 999 0024 7868     		ldr	r0, [r7, #4]
 1000 0026 FFF7FEFF 		bl	_ZdlPv
 1001              	.L21:
 1002              		.loc 1 20 0 discriminator 3
 1003 002a 7B68     		ldr	r3, [r7, #4]
 1004 002c 1846     		mov	r0, r3
 1005 002e 07F10807 		add	r7, r7, #8
 1006 0032 BD46     		mov	sp, r7
 1007 0034 80BD     		pop	{r7, pc}
 1008              	.L23:
 1009 0036 00BF     		.align	2
 1010              	.L22:
 1011 0038 08000000 		.word	_ZTV9XFTimeout+8
 1012              		.cfi_endproc
 1013              	.LFE20:
 1015              		.global	_ZN9XFTimeoutD1Ev
 1016              		.thumb_set _ZN9XFTimeoutD1Ev,_ZN9XFTimeoutD2Ev
 1017              		.section	.text._ZN9XFTimeoutD0Ev,"ax",%progbits
 1018              		.align	2
 1019              		.global	_ZN9XFTimeoutD0Ev
 1020              		.thumb
 1021              		.thumb_func
 1023              	_ZN9XFTimeoutD0Ev:
 1024              	.LFB22:
  17:../xf/xftimeout.cpp **** XFTimeout::~XFTimeout()
 1025              		.loc 1 17 0 is_stmt 1
 1026              		.cfi_startproc
 1027              		@ args = 0, pretend = 0, frame = 8
 1028              		@ frame_needed = 1, uses_anonymous_args = 0
 1029 0000 80B5     		push	{r7, lr}
 1030              	.LCFI21:
 1031              		.cfi_def_cfa_offset 8
 1032 0002 82B0     		sub	sp, sp, #8
 1033              	.LCFI22:
 1034              		.cfi_def_cfa_offset 16
 1035 0004 00AF     		add	r7, sp, #0
 1036              		.cfi_offset 14, -4
 1037              		.cfi_offset 7, -8
 1038              	.LCFI23:
 1039              		.cfi_def_cfa_register 7
 1040 0006 7860     		str	r0, [r7, #4]
 1041              		.loc 1 20 0
 1042 0008 7868     		ldr	r0, [r7, #4]
 1043 000a FFF7FEFF 		bl	_ZN9XFTimeoutD1Ev
 1044 000e 7868     		ldr	r0, [r7, #4]
 1045 0010 FFF7FEFF 		bl	_ZdlPv
 1046 0014 7B68     		ldr	r3, [r7, #4]
 1047 0016 1846     		mov	r0, r3
 1048 0018 07F10807 		add	r7, r7, #8
 1049 001c BD46     		mov	sp, r7
 1050 001e 80BD     		pop	{r7, pc}
 1051              		.cfi_endproc
 1052              	.LFE22:
 1054              		.section	.text._ZNK9XFTimeouteqERKS_,"ax",%progbits
 1055              		.align	2
 1056              		.global	_ZNK9XFTimeouteqERKS_
 1057              		.thumb
 1058              		.thumb_func
 1060              	_ZNK9XFTimeouteqERKS_:
 1061              	.LFB23:
  21:../xf/xftimeout.cpp **** 
  22:../xf/xftimeout.cpp **** /**
  23:../xf/xftimeout.cpp ****  * Operator checks if _pBehavior and _id are equal and returns
  24:../xf/xftimeout.cpp ****  * true if so. All other attributes get no attention.
  25:../xf/xftimeout.cpp ****  */
  26:../xf/xftimeout.cpp **** bool XFTimeout::operator ==(const XFTimeout & timeout) const
  27:../xf/xftimeout.cpp **** {
 1062              		.loc 1 27 0
 1063              		.cfi_startproc
 1064              		@ args = 0, pretend = 0, frame = 8
 1065              		@ frame_needed = 1, uses_anonymous_args = 0
 1066 0000 90B5     		push	{r4, r7, lr}
 1067              	.LCFI24:
 1068              		.cfi_def_cfa_offset 12
 1069 0002 83B0     		sub	sp, sp, #12
 1070              	.LCFI25:
 1071              		.cfi_def_cfa_offset 24
 1072 0004 00AF     		add	r7, sp, #0
 1073              		.cfi_offset 14, -4
 1074              		.cfi_offset 7, -8
 1075              		.cfi_offset 4, -12
 1076              	.LCFI26:
 1077              		.cfi_def_cfa_register 7
 1078 0006 7860     		str	r0, [r7, #4]
 1079 0008 3960     		str	r1, [r7, #0]
  28:../xf/xftimeout.cpp **** 	// Check behavior and timeout id attributes, if there are equal
  29:../xf/xftimeout.cpp **** 	return (_pBehavior == timeout._pBehavior && getId() == timeout.getId()) ? true : false;
 1080              		.loc 1 29 0
 1081 000a 7B68     		ldr	r3, [r7, #4]
 1082 000c 1A69     		ldr	r2, [r3, #16]
 1083 000e 3B68     		ldr	r3, [r7, #0]
 1084 0010 1B69     		ldr	r3, [r3, #16]
 1085 0012 9A42     		cmp	r2, r3
 1086 0014 0ED1     		bne	.L27
 1087              		.loc 1 29 0 is_stmt 0 discriminator 1
 1088 0016 7B68     		ldr	r3, [r7, #4]
 1089 0018 1846     		mov	r0, r3
 1090 001a FFF7FEFF 		bl	_ZNK8IXFEvent5getIdEv
 1091 001e 0446     		mov	r4, r0
 1092 0020 3B68     		ldr	r3, [r7, #0]
 1093 0022 1846     		mov	r0, r3
 1094 0024 FFF7FEFF 		bl	_ZNK8IXFEvent5getIdEv
 1095 0028 0346     		mov	r3, r0
 1096 002a 9C42     		cmp	r4, r3
 1097 002c 02D1     		bne	.L27
 1098              		.loc 1 29 0 discriminator 3
 1099 002e 4FF00103 		mov	r3, #1
 1100 0032 01E0     		b	.L28
 1101              	.L27:
 1102              		.loc 1 29 0 discriminator 2
 1103 0034 4FF00003 		mov	r3, #0
 1104              	.L28:
  30:../xf/xftimeout.cpp **** }
 1105              		.loc 1 30 0 is_stmt 1 discriminator 4
 1106 0038 1846     		mov	r0, r3
 1107 003a 07F10C07 		add	r7, r7, #12
 1108 003e BD46     		mov	sp, r7
 1109 0040 90BD     		pop	{r4, r7, pc}
 1110              		.cfi_endproc
 1111              	.LFE23:
 1113              		.global	_ZTV9XFTimeout
 1114 0042 00BF     		.section	.rodata._ZTV9XFTimeout,"a",%progbits
 1115              		.align	3
 1118              	_ZTV9XFTimeout:
 1119 0000 00000000 		.word	0
 1120 0004 00000000 		.word	0
 1121 0008 00000000 		.word	_ZN9XFTimeoutD1Ev
 1122 000c 00000000 		.word	_ZN9XFTimeoutD0Ev
 1123              		.weak	_ZTV8IXFEvent
 1124              		.section	.rodata._ZTV8IXFEvent,"aG",%progbits,_ZTV8IXFEvent,comdat
 1125              		.align	3
 1128              	_ZTV8IXFEvent:
 1129 0000 00000000 		.word	0
 1130 0004 00000000 		.word	0
 1131 0008 00000000 		.word	_ZN8IXFEventD1Ev
 1132 000c 00000000 		.word	_ZN8IXFEventD0Ev
 1133              		.text
 1134              	.Letext0:
DEFINED SYMBOLS
                            *ABS*:00000000 xftimeout.cpp
     /tmp/cczBG6Aa.s:666    .text._ZN8IXFEventC2ENS_10eEventTypeEiP11IXFReactive:00000000 $t
     /tmp/cczBG6Aa.s:671    .text._ZN8IXFEventC2ENS_10eEventTypeEiP11IXFReactive:00000000 _ZN8IXFEventC2ENS_10eEventTypeEiP11IXFReactive
     /tmp/cczBG6Aa.s:862    .text._ZN8IXFEvent13_tEventStatusC2Ev:00000000 _ZN8IXFEvent13_tEventStatusC1Ev
     /tmp/cczBG6Aa.s:724    .text._ZN8IXFEventC2ENS_10eEventTypeEiP11IXFReactive:0000004c $d
     /tmp/cczBG6Aa.s:1128   .rodata._ZTV8IXFEvent:00000000 _ZTV8IXFEvent
     /tmp/cczBG6Aa.s:671    .text._ZN8IXFEventC2ENS_10eEventTypeEiP11IXFReactive:00000000 _ZN8IXFEventC1ENS_10eEventTypeEiP11IXFReactive
     /tmp/cczBG6Aa.s:731    .text._ZN8IXFEventD2Ev:00000000 $t
     /tmp/cczBG6Aa.s:736    .text._ZN8IXFEventD2Ev:00000000 _ZN8IXFEventD2Ev
     /tmp/cczBG6Aa.s:778    .text._ZN8IXFEventD2Ev:00000030 $d
     /tmp/cczBG6Aa.s:736    .text._ZN8IXFEventD2Ev:00000000 _ZN8IXFEventD1Ev
     /tmp/cczBG6Aa.s:785    .text._ZN8IXFEventD0Ev:00000000 $t
     /tmp/cczBG6Aa.s:790    .text._ZN8IXFEventD0Ev:00000000 _ZN8IXFEventD0Ev
     /tmp/cczBG6Aa.s:822    .text._ZNK8IXFEvent5getIdEv:00000000 $t
     /tmp/cczBG6Aa.s:827    .text._ZNK8IXFEvent5getIdEv:00000000 _ZNK8IXFEvent5getIdEv
     /tmp/cczBG6Aa.s:857    .text._ZN8IXFEvent13_tEventStatusC2Ev:00000000 $t
     /tmp/cczBG6Aa.s:862    .text._ZN8IXFEvent13_tEventStatusC2Ev:00000000 _ZN8IXFEvent13_tEventStatusC2Ev
     /tmp/cczBG6Aa.s:900    .text._ZN9XFTimeoutC2EiiP11IXFReactive:00000000 $t
     /tmp/cczBG6Aa.s:905    .text._ZN9XFTimeoutC2EiiP11IXFReactive:00000000 _ZN9XFTimeoutC2EiiP11IXFReactive
     /tmp/cczBG6Aa.s:953    .text._ZN9XFTimeoutC2EiiP11IXFReactive:0000003c $d
     /tmp/cczBG6Aa.s:1118   .rodata._ZTV9XFTimeout:00000000 _ZTV9XFTimeout
     /tmp/cczBG6Aa.s:905    .text._ZN9XFTimeoutC2EiiP11IXFReactive:00000000 _ZN9XFTimeoutC1EiiP11IXFReactive
     /tmp/cczBG6Aa.s:960    .text._ZN9XFTimeoutD2Ev:00000000 $t
     /tmp/cczBG6Aa.s:965    .text._ZN9XFTimeoutD2Ev:00000000 _ZN9XFTimeoutD2Ev
     /tmp/cczBG6Aa.s:1011   .text._ZN9XFTimeoutD2Ev:00000038 $d
     /tmp/cczBG6Aa.s:965    .text._ZN9XFTimeoutD2Ev:00000000 _ZN9XFTimeoutD1Ev
     /tmp/cczBG6Aa.s:1018   .text._ZN9XFTimeoutD0Ev:00000000 $t
     /tmp/cczBG6Aa.s:1023   .text._ZN9XFTimeoutD0Ev:00000000 _ZN9XFTimeoutD0Ev
     /tmp/cczBG6Aa.s:1055   .text._ZNK9XFTimeouteqERKS_:00000000 $t
     /tmp/cczBG6Aa.s:1060   .text._ZNK9XFTimeouteqERKS_:00000000 _ZNK9XFTimeouteqERKS_
     /tmp/cczBG6Aa.s:1115   .rodata._ZTV9XFTimeout:00000000 $d
     /tmp/cczBG6Aa.s:1125   .rodata._ZTV8IXFEvent:00000000 $d
                     .debug_frame:00000010 $d
                           .group:00000000 _ZN8IXFEventC5ENS_10eEventTypeEiP11IXFReactive
                           .group:00000000 _ZN8IXFEventD5Ev
                           .group:00000000 _ZN8IXFEvent13_tEventStatusC5Ev

UNDEFINED SYMBOLS
_ZdlPv
